{
  "log": "Инициализировалось ядро сайта.",
  "level": "INFO",
  "service_name": "qms_service",
  "hostname": "f24facddf2d0",
  "timestamp": "2025-09-07T09:13:00+0000",
  "tag": "web-service"
}
{
  "log": "Подключил все endpoints",
  "level": "INFO",
  "service_name": "qms_service",
  "hostname": "f24facddf2d0",
  "timestamp": "2025-09-07T09:13:00+0000",
  "tag": "web-service"
}
{
  "log": "Запустился rmq брокер.",
  "level": "INFO",
  "service_name": "qms_service",
  "hostname": "f24facddf2d0",
  "timestamp": "2025-09-07T09:13:00+0000",
  "tag": "web-service"
}
{
  "log": "Инициализировалось ядро сайта.",
  "level": "INFO",
  "service_name": "qms_service",
  "hostname": "f24facddf2d0",
  "timestamp": "2025-09-07T09:15:19+0000",
  "tag": "web-service"
}
{
  "log": "Подключил все endpoints",
  "level": "INFO",
  "service_name": "qms_service",
  "hostname": "f24facddf2d0",
  "timestamp": "2025-09-07T09:15:19+0000",
  "tag": "web-service"
}
{
  "log": "Запустился rmq брокер.",
  "level": "INFO",
  "service_name": "qms_service",
  "hostname": "f24facddf2d0",
  "timestamp": "2025-09-07T09:15:19+0000",
  "tag": "web-service"
}
{
  "log": "/ - Принял запрос на главную страницу.",
  "level": "DEBUG",
  "service_name": "qms_service",
  "hostname": "f24facddf2d0",
  "timestamp": "2025-09-07T09:17:10+0000",
  "tag": "web-service"
}
{
  "log": "/get_device - Принял запрос на создание websocket соединения для получения всех девайсов из БД.",
  "level": "DEBUG",
  "service_name": "qms_service",
  "hostname": "f24facddf2d0",
  "timestamp": "2025-09-07T09:17:11+0000",
  "tag": "web-service"
}
{
  "log": "Сохраненные девайсы из базы данных: [DeviceModel(device_id='1f5114e3-9', device_name='SM-A8', device_status='off'), DeviceModel(device_id='3f7ee6b4-a', device_name='NONE_NAME_DEVICE', device_status='off')]",
  "level": "DEBUG",
  "service_name": "qms_service",
  "hostname": "f24facddf2d0",
  "timestamp": "2025-09-07T09:17:11+0000",
  "tag": "web-service"
}
{
  "log": "Обработка устройства: device_id='1f5114e3-9' device_name='SM-A8' device_status='off' для отправки websocket клиенту.",
  "level": "INFO",
  "service_name": "qms_service",
  "hostname": "f24facddf2d0",
  "timestamp": "2025-09-07T09:17:11+0000",
  "tag": "web-service"
}
{
  "log": "Успешно обновил состояние девайса 1f5114e3-9 на off",
  "level": "INFO",
  "service_name": "qms_service",
  "hostname": "f24facddf2d0",
  "timestamp": "2025-09-07T09:17:21+0000",
  "tag": "web-service"
}
{
  "log": "Отправил запрос на состояние девайса 1f5114e3-9. Девайс не работает",
  "level": "WARNING",
  "service_name": "qms_service",
  "hostname": "f24facddf2d0",
  "timestamp": "2025-09-07T09:17:21+0000",
  "tag": "web-service"
}
{
  "log": "Успешно обновил состояние девайса 1f5114e3-9 на off",
  "level": "INFO",
  "service_name": "qms_service",
  "hostname": "f24facddf2d0",
  "timestamp": "2025-09-07T09:17:21+0000",
  "tag": "web-service"
}
{
  "log": "Устройство: device_id='1f5114e3-9' device_name='SM-A8' device_status='off' обработано.",
  "level": "INFO",
  "service_name": "qms_service",
  "hostname": "f24facddf2d0",
  "timestamp": "2025-09-07T09:17:21+0000",
  "tag": "web-service"
}
{
  "log": "Функцию <bound method SQLiteDB.get_device of <src.databases.sqlite_db.sqlite_engine.SQLiteDB object at 0x7f44f2683d10>> вызвал стек   File \"/qms_service/src/handlers/websocket_handlers.py\", line 19, in handle_websocket_on_get_devices\n    await websocket.send_text(json.dumps(sqlite_engine.get_device(device.device_id).__dict__))\n",
  "level": "INFO",
  "service_name": "qms_service",
  "hostname": "f24facddf2d0",
  "timestamp": "2025-09-07T09:17:21+0000",
  "tag": "web-service"
}
{
  "log": "Девайс 1f5114e3-9 с названием SM-A8 и со статусом off",
  "level": "DEBUG",
  "service_name": "qms_service",
  "hostname": "f24facddf2d0",
  "timestamp": "2025-09-07T09:17:21+0000",
  "tag": "web-service"
}
{
  "log": "Функцию <bound method SQLiteDB.get_device of <src.databases.sqlite_db.sqlite_engine.SQLiteDB object at 0x7f44f2683d10>> вызвал стек   File \"/qms_service/src/handlers/websocket_handlers.py\", line 20, in handle_websocket_on_get_devices\n    postLog.debug(f\"Данные устройства, которые отправляются клиенту через websocket {json.dumps(sqlite_engine.get_device(device.device_id).__dict__)}\")\n",
  "level": "INFO",
  "service_name": "qms_service",
  "hostname": "f24facddf2d0",
  "timestamp": "2025-09-07T09:17:21+0000",
  "tag": "web-service"
}
{
  "log": "Девайс 1f5114e3-9 с названием SM-A8 и со статусом off",
  "level": "DEBUG",
  "service_name": "qms_service",
  "hostname": "f24facddf2d0",
  "timestamp": "2025-09-07T09:17:21+0000",
  "tag": "web-service"
}
{
  "log": "Данные устройства, которые отправляются клиенту через websocket {\"device_id\": \"1f5114e3-9\", \"device_name\": \"SM-A8\", \"device_status\": \"off\"}",
  "level": "DEBUG",
  "service_name": "qms_service",
  "hostname": "f24facddf2d0",
  "timestamp": "2025-09-07T09:17:21+0000",
  "tag": "web-service"
}
{
  "log": "Обработка устройства: device_id='3f7ee6b4-a' device_name='NONE_NAME_DEVICE' device_status='off' для отправки websocket клиенту.",
  "level": "INFO",
  "service_name": "qms_service",
  "hostname": "f24facddf2d0",
  "timestamp": "2025-09-07T09:17:21+0000",
  "tag": "web-service"
}
{
  "log": "Успешно обновил состояние девайса 3f7ee6b4-a на off",
  "level": "INFO",
  "service_name": "qms_service",
  "hostname": "f24facddf2d0",
  "timestamp": "2025-09-07T09:17:31+0000",
  "tag": "web-service"
}
{
  "log": "Отправил запрос на состояние девайса 3f7ee6b4-a. Девайс не работает",
  "level": "WARNING",
  "service_name": "qms_service",
  "hostname": "f24facddf2d0",
  "timestamp": "2025-09-07T09:17:31+0000",
  "tag": "web-service"
}
{
  "log": "Успешно обновил состояние девайса 3f7ee6b4-a на off",
  "level": "INFO",
  "service_name": "qms_service",
  "hostname": "f24facddf2d0",
  "timestamp": "2025-09-07T09:17:31+0000",
  "tag": "web-service"
}
{
  "log": "Устройство: device_id='3f7ee6b4-a' device_name='NONE_NAME_DEVICE' device_status='off' обработано.",
  "level": "INFO",
  "service_name": "qms_service",
  "hostname": "f24facddf2d0",
  "timestamp": "2025-09-07T09:17:31+0000",
  "tag": "web-service"
}
{
  "log": "Функцию <bound method SQLiteDB.get_device of <src.databases.sqlite_db.sqlite_engine.SQLiteDB object at 0x7f44f2683d10>> вызвал стек   File \"/qms_service/src/handlers/websocket_handlers.py\", line 19, in handle_websocket_on_get_devices\n    await websocket.send_text(json.dumps(sqlite_engine.get_device(device.device_id).__dict__))\n",
  "level": "INFO",
  "service_name": "qms_service",
  "hostname": "f24facddf2d0",
  "timestamp": "2025-09-07T09:17:31+0000",
  "tag": "web-service"
}
{
  "log": "Девайс 1f5114e3-9 с названием SM-A8 и со статусом off",
  "level": "DEBUG",
  "service_name": "qms_service",
  "hostname": "f24facddf2d0",
  "timestamp": "2025-09-07T09:17:31+0000",
  "tag": "web-service"
}
{
  "log": "Функцию <bound method SQLiteDB.get_device of <src.databases.sqlite_db.sqlite_engine.SQLiteDB object at 0x7f44f2683d10>> вызвал стек   File \"/qms_service/src/handlers/websocket_handlers.py\", line 20, in handle_websocket_on_get_devices\n    postLog.debug(f\"Данные устройства, которые отправляются клиенту через websocket {json.dumps(sqlite_engine.get_device(device.device_id).__dict__)}\")\n",
  "level": "INFO",
  "service_name": "qms_service",
  "hostname": "f24facddf2d0",
  "timestamp": "2025-09-07T09:17:31+0000",
  "tag": "web-service"
}
{
  "log": "Девайс 1f5114e3-9 с названием SM-A8 и со статусом off",
  "level": "DEBUG",
  "service_name": "qms_service",
  "hostname": "f24facddf2d0",
  "timestamp": "2025-09-07T09:17:31+0000",
  "tag": "web-service"
}
{
  "log": "Данные устройства, которые отправляются клиенту через websocket {\"device_id\": \"1f5114e3-9\", \"device_name\": \"SM-A8\", \"device_status\": \"off\"}",
  "level": "DEBUG",
  "service_name": "qms_service",
  "hostname": "f24facddf2d0",
  "timestamp": "2025-09-07T09:17:31+0000",
  "tag": "web-service"
}
{
  "log": "/ - Принял запрос на главную страницу.",
  "level": "DEBUG",
  "service_name": "qms_service",
  "hostname": "f24facddf2d0",
  "timestamp": "2025-09-07T09:20:59+0000",
  "tag": "web-service"
}
{
  "log": "/get_device - Принял запрос на создание websocket соединения для получения всех девайсов из БД.",
  "level": "DEBUG",
  "service_name": "qms_service",
  "hostname": "f24facddf2d0",
  "timestamp": "2025-09-07T09:20:59+0000",
  "tag": "web-service"
}
{
  "log": "Сохраненные девайсы из базы данных: [DeviceModel(device_id='1f5114e3-9', device_name='SM-A8', device_status='off'), DeviceModel(device_id='3f7ee6b4-a', device_name='NONE_NAME_DEVICE', device_status='off')]",
  "level": "DEBUG",
  "service_name": "qms_service",
  "hostname": "f24facddf2d0",
  "timestamp": "2025-09-07T09:20:59+0000",
  "tag": "web-service"
}
{
  "log": "Обработка устройства: device_id='1f5114e3-9' device_name='SM-A8' device_status='off' для отправки websocket клиенту.",
  "level": "INFO",
  "service_name": "qms_service",
  "hostname": "f24facddf2d0",
  "timestamp": "2025-09-07T09:20:59+0000",
  "tag": "web-service"
}
{
  "log": "Успешно обновил состояние девайса 1f5114e3-9 на off",
  "level": "INFO",
  "service_name": "qms_service",
  "hostname": "f24facddf2d0",
  "timestamp": "2025-09-07T09:21:09+0000",
  "tag": "web-service"
}
{
  "log": "Отправил запрос на состояние девайса 1f5114e3-9. Девайс не работает",
  "level": "WARNING",
  "service_name": "qms_service",
  "hostname": "f24facddf2d0",
  "timestamp": "2025-09-07T09:21:09+0000",
  "tag": "web-service"
}
{
  "log": "Успешно обновил состояние девайса 1f5114e3-9 на off",
  "level": "INFO",
  "service_name": "qms_service",
  "hostname": "f24facddf2d0",
  "timestamp": "2025-09-07T09:21:09+0000",
  "tag": "web-service"
}
{
  "log": "Устройство: device_id='1f5114e3-9' device_name='SM-A8' device_status='off' обработано.",
  "level": "INFO",
  "service_name": "qms_service",
  "hostname": "f24facddf2d0",
  "timestamp": "2025-09-07T09:21:09+0000",
  "tag": "web-service"
}
{
  "log": "Функцию <bound method SQLiteDB.get_device of <src.databases.sqlite_db.sqlite_engine.SQLiteDB object at 0x7f44f2683d10>> вызвал стек   File \"/qms_service/src/handlers/websocket_handlers.py\", line 19, in handle_websocket_on_get_devices\n    await websocket.send_text(json.dumps(sqlite_engine.get_device(device.device_id).__dict__))\n",
  "level": "INFO",
  "service_name": "qms_service",
  "hostname": "f24facddf2d0",
  "timestamp": "2025-09-07T09:21:09+0000",
  "tag": "web-service"
}
{
  "log": "Девайс 1f5114e3-9 с названием SM-A8 и со статусом off",
  "level": "DEBUG",
  "service_name": "qms_service",
  "hostname": "f24facddf2d0",
  "timestamp": "2025-09-07T09:21:09+0000",
  "tag": "web-service"
}
{
  "log": "Функцию <bound method SQLiteDB.get_device of <src.databases.sqlite_db.sqlite_engine.SQLiteDB object at 0x7f44f2683d10>> вызвал стек   File \"/qms_service/src/handlers/websocket_handlers.py\", line 20, in handle_websocket_on_get_devices\n    postLog.debug(f\"Данные устройства, которые отправляются клиенту через websocket {json.dumps(sqlite_engine.get_device(device.device_id).__dict__)}\")\n",
  "level": "INFO",
  "service_name": "qms_service",
  "hostname": "f24facddf2d0",
  "timestamp": "2025-09-07T09:21:09+0000",
  "tag": "web-service"
}
{
  "log": "Девайс 1f5114e3-9 с названием SM-A8 и со статусом off",
  "level": "DEBUG",
  "service_name": "qms_service",
  "hostname": "f24facddf2d0",
  "timestamp": "2025-09-07T09:21:09+0000",
  "tag": "web-service"
}
{
  "log": "Данные устройства, которые отправляются клиенту через websocket {\"device_id\": \"1f5114e3-9\", \"device_name\": \"SM-A8\", \"device_status\": \"off\"}",
  "level": "DEBUG",
  "service_name": "qms_service",
  "hostname": "f24facddf2d0",
  "timestamp": "2025-09-07T09:21:09+0000",
  "tag": "web-service"
}
{
  "log": "Обработка устройства: device_id='3f7ee6b4-a' device_name='NONE_NAME_DEVICE' device_status='off' для отправки websocket клиенту.",
  "level": "INFO",
  "service_name": "qms_service",
  "hostname": "f24facddf2d0",
  "timestamp": "2025-09-07T09:21:09+0000",
  "tag": "web-service"
}
{
  "log": "Успешно обновил состояние девайса 3f7ee6b4-a на off",
  "level": "INFO",
  "service_name": "qms_service",
  "hostname": "f24facddf2d0",
  "timestamp": "2025-09-07T09:21:19+0000",
  "tag": "web-service"
}
{
  "log": "Отправил запрос на состояние девайса 3f7ee6b4-a. Девайс не работает",
  "level": "WARNING",
  "service_name": "qms_service",
  "hostname": "f24facddf2d0",
  "timestamp": "2025-09-07T09:21:19+0000",
  "tag": "web-service"
}
{
  "log": "Успешно обновил состояние девайса 3f7ee6b4-a на off",
  "level": "INFO",
  "service_name": "qms_service",
  "hostname": "f24facddf2d0",
  "timestamp": "2025-09-07T09:21:19+0000",
  "tag": "web-service"
}
{
  "log": "Устройство: device_id='3f7ee6b4-a' device_name='NONE_NAME_DEVICE' device_status='off' обработано.",
  "level": "INFO",
  "service_name": "qms_service",
  "hostname": "f24facddf2d0",
  "timestamp": "2025-09-07T09:21:19+0000",
  "tag": "web-service"
}
{
  "log": "Функцию <bound method SQLiteDB.get_device of <src.databases.sqlite_db.sqlite_engine.SQLiteDB object at 0x7f44f2683d10>> вызвал стек   File \"/qms_service/src/handlers/websocket_handlers.py\", line 19, in handle_websocket_on_get_devices\n    await websocket.send_text(json.dumps(sqlite_engine.get_device(device.device_id).__dict__))\n",
  "level": "INFO",
  "service_name": "qms_service",
  "hostname": "f24facddf2d0",
  "timestamp": "2025-09-07T09:21:19+0000",
  "tag": "web-service"
}
{
  "log": "Девайс 1f5114e3-9 с названием SM-A8 и со статусом off",
  "level": "DEBUG",
  "service_name": "qms_service",
  "hostname": "f24facddf2d0",
  "timestamp": "2025-09-07T09:21:19+0000",
  "tag": "web-service"
}
{
  "log": "Функцию <bound method SQLiteDB.get_device of <src.databases.sqlite_db.sqlite_engine.SQLiteDB object at 0x7f44f2683d10>> вызвал стек   File \"/qms_service/src/handlers/websocket_handlers.py\", line 20, in handle_websocket_on_get_devices\n    postLog.debug(f\"Данные устройства, которые отправляются клиенту через websocket {json.dumps(sqlite_engine.get_device(device.device_id).__dict__)}\")\n",
  "level": "INFO",
  "service_name": "qms_service",
  "hostname": "f24facddf2d0",
  "timestamp": "2025-09-07T09:21:19+0000",
  "tag": "web-service"
}
{
  "log": "Девайс 1f5114e3-9 с названием SM-A8 и со статусом off",
  "level": "DEBUG",
  "service_name": "qms_service",
  "hostname": "f24facddf2d0",
  "timestamp": "2025-09-07T09:21:19+0000",
  "tag": "web-service"
}
{
  "log": "Данные устройства, которые отправляются клиенту через websocket {\"device_id\": \"1f5114e3-9\", \"device_name\": \"SM-A8\", \"device_status\": \"off\"}",
  "level": "DEBUG",
  "service_name": "qms_service",
  "hostname": "f24facddf2d0",
  "timestamp": "2025-09-07T09:21:19+0000",
  "tag": "web-service"
}
{
  "log": "Инициализировалось ядро сайта.",
  "level": "INFO",
  "service_name": "qms_service",
  "hostname": "f24facddf2d0",
  "timestamp": "2025-09-07T09:23:19+0000",
  "tag": "web-service"
}
{
  "log": "Подключил все endpoints",
  "level": "INFO",
  "service_name": "qms_service",
  "hostname": "f24facddf2d0",
  "timestamp": "2025-09-07T09:23:19+0000",
  "tag": "web-service"
}
{
  "log": "Запустился rmq брокер.",
  "level": "INFO",
  "service_name": "qms_service",
  "hostname": "f24facddf2d0",
  "timestamp": "2025-09-07T09:23:19+0000",
  "tag": "web-service"
}
{
  "log": "/ - Принял запрос на главную страницу.",
  "level": "DEBUG",
  "service_name": "qms_service",
  "hostname": "f24facddf2d0",
  "timestamp": "2025-09-07T09:24:05+0000",
  "tag": "web-service"
}
{
  "log": "/get_device - Принял запрос на создание websocket соединения для получения всех девайсов из БД.",
  "level": "DEBUG",
  "service_name": "qms_service",
  "hostname": "f24facddf2d0",
  "timestamp": "2025-09-07T09:24:05+0000",
  "tag": "web-service"
}
{
  "log": "Сохраненные девайсы из базы данных: [DeviceModel(device_id='1f5114e3-9', device_name='SM-A8', device_status='off'), DeviceModel(device_id='3f7ee6b4-a', device_name='NONE_NAME_DEVICE', device_status='off')]",
  "level": "DEBUG",
  "service_name": "qms_service",
  "hostname": "f24facddf2d0",
  "timestamp": "2025-09-07T09:24:05+0000",
  "tag": "web-service"
}
{
  "log": "Обработка устройства: device_id='1f5114e3-9' device_name='SM-A8' device_status='off' для отправки websocket клиенту.",
  "level": "INFO",
  "service_name": "qms_service",
  "hostname": "f24facddf2d0",
  "timestamp": "2025-09-07T09:24:05+0000",
  "tag": "web-service"
}
{
  "log": "Успешно обновил состояние девайса 1f5114e3-9 на off",
  "level": "INFO",
  "service_name": "qms_service",
  "hostname": "f24facddf2d0",
  "timestamp": "2025-09-07T09:24:15+0000",
  "tag": "web-service"
}
{
  "log": "Отправил запрос на состояние девайса 1f5114e3-9. Девайс не работает",
  "level": "WARNING",
  "service_name": "qms_service",
  "hostname": "f24facddf2d0",
  "timestamp": "2025-09-07T09:24:15+0000",
  "tag": "web-service"
}
{
  "log": "Успешно обновил состояние девайса 1f5114e3-9 на off",
  "level": "INFO",
  "service_name": "qms_service",
  "hostname": "f24facddf2d0",
  "timestamp": "2025-09-07T09:24:15+0000",
  "tag": "web-service"
}
{
  "log": "Устройство: device_id='1f5114e3-9' device_name='SM-A8' device_status='off' обработано.",
  "level": "INFO",
  "service_name": "qms_service",
  "hostname": "f24facddf2d0",
  "timestamp": "2025-09-07T09:24:15+0000",
  "tag": "web-service"
}
{
  "log": "Функцию <bound method SQLiteDB.get_device of <src.databases.sqlite_db.sqlite_engine.SQLiteDB object at 0x7ff8561600e0>> вызвал стек   File \"/qms_service/src/handlers/websocket_handlers.py\", line 19, in handle_websocket_on_get_devices\n    device_from_db = sqlite_engine.get_device(device.device_id).__dict__\n",
  "level": "INFO",
  "service_name": "qms_service",
  "hostname": "f24facddf2d0",
  "timestamp": "2025-09-07T09:24:15+0000",
  "tag": "web-service"
}
{
  "log": "Девайс 1f5114e3-9 с названием SM-A8 и со статусом off",
  "level": "DEBUG",
  "service_name": "qms_service",
  "hostname": "f24facddf2d0",
  "timestamp": "2025-09-07T09:24:15+0000",
  "tag": "web-service"
}
{
  "log": "Данные устройства, которые отправляются клиенту через websocket {'device_id': '1f5114e3-9', 'device_name': 'SM-A8', 'device_status': 'off'}",
  "level": "DEBUG",
  "service_name": "qms_service",
  "hostname": "f24facddf2d0",
  "timestamp": "2025-09-07T09:24:15+0000",
  "tag": "web-service"
}
{
  "log": "Обработка устройства: device_id='3f7ee6b4-a' device_name='NONE_NAME_DEVICE' device_status='off' для отправки websocket клиенту.",
  "level": "INFO",
  "service_name": "qms_service",
  "hostname": "f24facddf2d0",
  "timestamp": "2025-09-07T09:24:15+0000",
  "tag": "web-service"
}
{
  "log": "Успешно обновил состояние девайса 3f7ee6b4-a на off",
  "level": "INFO",
  "service_name": "qms_service",
  "hostname": "f24facddf2d0",
  "timestamp": "2025-09-07T09:24:25+0000",
  "tag": "web-service"
}
{
  "log": "Отправил запрос на состояние девайса 3f7ee6b4-a. Девайс не работает",
  "level": "WARNING",
  "service_name": "qms_service",
  "hostname": "f24facddf2d0",
  "timestamp": "2025-09-07T09:24:25+0000",
  "tag": "web-service"
}
{
  "log": "Успешно обновил состояние девайса 3f7ee6b4-a на off",
  "level": "INFO",
  "service_name": "qms_service",
  "hostname": "f24facddf2d0",
  "timestamp": "2025-09-07T09:24:25+0000",
  "tag": "web-service"
}
{
  "log": "Устройство: device_id='3f7ee6b4-a' device_name='NONE_NAME_DEVICE' device_status='off' обработано.",
  "level": "INFO",
  "service_name": "qms_service",
  "hostname": "f24facddf2d0",
  "timestamp": "2025-09-07T09:24:25+0000",
  "tag": "web-service"
}
{
  "log": "Функцию <bound method SQLiteDB.get_device of <src.databases.sqlite_db.sqlite_engine.SQLiteDB object at 0x7ff8561600e0>> вызвал стек   File \"/qms_service/src/handlers/websocket_handlers.py\", line 19, in handle_websocket_on_get_devices\n    device_from_db = sqlite_engine.get_device(device.device_id).__dict__\n",
  "level": "INFO",
  "service_name": "qms_service",
  "hostname": "f24facddf2d0",
  "timestamp": "2025-09-07T09:24:25+0000",
  "tag": "web-service"
}
{
  "log": "Девайс 1f5114e3-9 с названием SM-A8 и со статусом off",
  "level": "DEBUG",
  "service_name": "qms_service",
  "hostname": "f24facddf2d0",
  "timestamp": "2025-09-07T09:24:25+0000",
  "tag": "web-service"
}
{
  "log": "Данные устройства, которые отправляются клиенту через websocket {'device_id': '1f5114e3-9', 'device_name': 'SM-A8', 'device_status': 'off'}",
  "level": "DEBUG",
  "service_name": "qms_service",
  "hostname": "f24facddf2d0",
  "timestamp": "2025-09-07T09:24:25+0000",
  "tag": "web-service"
}
{
  "log": "Инициализировалось ядро сайта.",
  "level": "INFO",
  "service_name": "qms_service",
  "hostname": "f24facddf2d0",
  "timestamp": "2025-09-07T09:33:46+0000",
  "tag": "web-service"
}
{
  "log": "Подключил все endpoints",
  "level": "INFO",
  "service_name": "qms_service",
  "hostname": "f24facddf2d0",
  "timestamp": "2025-09-07T09:33:46+0000",
  "tag": "web-service"
}
{
  "log": "Запустился rmq брокер.",
  "level": "INFO",
  "service_name": "qms_service",
  "hostname": "f24facddf2d0",
  "timestamp": "2025-09-07T09:33:46+0000",
  "tag": "web-service"
}
{
  "log": "Инициализировалось ядро сайта.",
  "level": "INFO",
  "service_name": "qms_service",
  "hostname": "f24facddf2d0",
  "timestamp": "2025-09-07T09:34:10+0000",
  "tag": "web-service"
}
{
  "log": "Подключил все endpoints",
  "level": "INFO",
  "service_name": "qms_service",
  "hostname": "f24facddf2d0",
  "timestamp": "2025-09-07T09:34:10+0000",
  "tag": "web-service"
}
{
  "log": "Запустился rmq брокер.",
  "level": "INFO",
  "service_name": "qms_service",
  "hostname": "f24facddf2d0",
  "timestamp": "2025-09-07T09:34:10+0000",
  "tag": "web-service"
}
{
  "log": "/ - Принял запрос на главную страницу.",
  "level": "DEBUG",
  "service_name": "qms_service",
  "hostname": "f24facddf2d0",
  "timestamp": "2025-09-07T09:35:32+0000",
  "tag": "web-service"
}
{
  "log": "/get_device - Принял запрос на создание websocket соединения для получения всех девайсов из БД.",
  "level": "DEBUG",
  "service_name": "qms_service",
  "hostname": "f24facddf2d0",
  "timestamp": "2025-09-07T09:35:32+0000",
  "tag": "web-service"
}
{
  "log": "Сохраненные девайсы из базы данных: [DeviceModel(device_id='1f5114e3-9', device_name='SM-A8', device_status='off'), DeviceModel(device_id='3f7ee6b4-a', device_name='NONE_NAME_DEVICE', device_status='off')]",
  "level": "DEBUG",
  "service_name": "qms_service",
  "hostname": "f24facddf2d0",
  "timestamp": "2025-09-07T09:35:32+0000",
  "tag": "web-service"
}
{
  "log": "Обработка устройства: device_id='1f5114e3-9' device_name='SM-A8' device_status='off' для отправки websocket клиенту.",
  "level": "INFO",
  "service_name": "qms_service",
  "hostname": "f24facddf2d0",
  "timestamp": "2025-09-07T09:35:32+0000",
  "tag": "web-service"
}
{
  "log": "Успешно обновил состояние девайса 1f5114e3-9 на off",
  "level": "INFO",
  "service_name": "qms_service",
  "hostname": "f24facddf2d0",
  "timestamp": "2025-09-07T09:35:42+0000",
  "tag": "web-service"
}
{
  "log": "Отправил запрос на состояние девайса 1f5114e3-9. Девайс не работает",
  "level": "WARNING",
  "service_name": "qms_service",
  "hostname": "f24facddf2d0",
  "timestamp": "2025-09-07T09:35:42+0000",
  "tag": "web-service"
}
{
  "log": "Успешно обновил состояние девайса 1f5114e3-9 на off",
  "level": "INFO",
  "service_name": "qms_service",
  "hostname": "f24facddf2d0",
  "timestamp": "2025-09-07T09:35:42+0000",
  "tag": "web-service"
}
{
  "log": "Устройство: device_id='1f5114e3-9' device_name='SM-A8' device_status='off' обработано.",
  "level": "INFO",
  "service_name": "qms_service",
  "hostname": "f24facddf2d0",
  "timestamp": "2025-09-07T09:35:42+0000",
  "tag": "web-service"
}
{
  "log": "Функцию <bound method SQLiteDB.get_device of <src.databases.sqlite_db.sqlite_engine.SQLiteDB object at 0x7f7aeba7eff0>> вызвал стек   File \"/qms_service/src/handlers/websocket_handlers.py\", line 19, in handle_websocket_on_get_devices\n    device_from_db = sqlite_engine.get_device(device.device_id).__dict__\n",
  "level": "INFO",
  "service_name": "qms_service",
  "hostname": "f24facddf2d0",
  "timestamp": "2025-09-07T09:35:42+0000",
  "tag": "web-service"
}
{
  "log": "Девайс 1f5114e3-9 с названием SM-A8 и со статусом off",
  "level": "DEBUG",
  "service_name": "qms_service",
  "hostname": "f24facddf2d0",
  "timestamp": "2025-09-07T09:35:42+0000",
  "tag": "web-service"
}
{
  "log": "Данные устройства, которые отправляются клиенту через websocket {'device_id': '1f5114e3-9', 'device_name': 'SM-A8', 'device_status': 'off'}",
  "level": "DEBUG",
  "service_name": "qms_service",
  "hostname": "f24facddf2d0",
  "timestamp": "2025-09-07T09:35:42+0000",
  "tag": "web-service"
}
{
  "log": "Обработка устройства: device_id='3f7ee6b4-a' device_name='NONE_NAME_DEVICE' device_status='off' для отправки websocket клиенту.",
  "level": "INFO",
  "service_name": "qms_service",
  "hostname": "f24facddf2d0",
  "timestamp": "2025-09-07T09:35:42+0000",
  "tag": "web-service"
}
{
  "log": "Успешно обновил состояние девайса 3f7ee6b4-a на off",
  "level": "INFO",
  "service_name": "qms_service",
  "hostname": "f24facddf2d0",
  "timestamp": "2025-09-07T09:35:52+0000",
  "tag": "web-service"
}
{
  "log": "Отправил запрос на состояние девайса 3f7ee6b4-a. Девайс не работает",
  "level": "WARNING",
  "service_name": "qms_service",
  "hostname": "f24facddf2d0",
  "timestamp": "2025-09-07T09:35:52+0000",
  "tag": "web-service"
}
{
  "log": "Успешно обновил состояние девайса 3f7ee6b4-a на off",
  "level": "INFO",
  "service_name": "qms_service",
  "hostname": "f24facddf2d0",
  "timestamp": "2025-09-07T09:35:52+0000",
  "tag": "web-service"
}
{
  "log": "Устройство: device_id='3f7ee6b4-a' device_name='NONE_NAME_DEVICE' device_status='off' обработано.",
  "level": "INFO",
  "service_name": "qms_service",
  "hostname": "f24facddf2d0",
  "timestamp": "2025-09-07T09:35:52+0000",
  "tag": "web-service"
}
{
  "log": "Функцию <bound method SQLiteDB.get_device of <src.databases.sqlite_db.sqlite_engine.SQLiteDB object at 0x7f7aeba7eff0>> вызвал стек   File \"/qms_service/src/handlers/websocket_handlers.py\", line 19, in handle_websocket_on_get_devices\n    device_from_db = sqlite_engine.get_device(device.device_id).__dict__\n",
  "level": "INFO",
  "service_name": "qms_service",
  "hostname": "f24facddf2d0",
  "timestamp": "2025-09-07T09:35:52+0000",
  "tag": "web-service"
}
{
  "log": "Девайс 3f7ee6b4-a с названием NONE_NAME_DEVICE и со статусом off",
  "level": "DEBUG",
  "service_name": "qms_service",
  "hostname": "f24facddf2d0",
  "timestamp": "2025-09-07T09:35:52+0000",
  "tag": "web-service"
}
{
  "log": "Данные устройства, которые отправляются клиенту через websocket {'device_id': '3f7ee6b4-a', 'device_name': 'NONE_NAME_DEVICE', 'device_status': 'off'}",
  "level": "DEBUG",
  "service_name": "qms_service",
  "hostname": "f24facddf2d0",
  "timestamp": "2025-09-07T09:35:52+0000",
  "tag": "web-service"
}
{
  "log": "\"/registrate_device\" - Принял запрос на регистрацию устройства device_id='3f7ee6b4-a' device_name='NONE_NAME_DEVICE' device_status='off'.",
  "level": "INFO",
  "service_name": "qms_service",
  "hostname": "f24facddf2d0",
  "timestamp": "2025-09-07T09:40:08+0000",
  "tag": "web-service"
}
{
  "log": "/get_device/ принял запрос на получение устройства: 3f7ee6b4-a",
  "level": "INFO",
  "service_name": "qms_service",
  "hostname": "f24facddf2d0",
  "timestamp": "2025-09-07T09:40:22+0000",
  "tag": "web-service"
}
{
  "log": "Получил сообщение от клиента - {\"response\": 3, \"message\": \"Устройство работает.\", \"device_id\": \"3f7ee6b4-a\"}",
  "level": "DEBUG",
  "service_name": "qms_service",
  "hostname": "f24facddf2d0",
  "timestamp": "2025-09-07T09:40:22+0000",
  "tag": "web-service"
}
{
  "log": "Получил сообщение от клиента - {\"response\": 3, \"message\": \"Устройство работает.\", \"device_id\": \"3f7ee6b4-a\"}",
  "level": "DEBUG",
  "service_name": "qms_service",
  "hostname": "f24facddf2d0",
  "timestamp": "2025-09-07T09:40:22+0000",
  "tag": "web-service"
}
{
  "log": "Получил сообщение от клиента - {\"response\": 3, \"message\": \"Устройство работает.\", \"device_id\": \"3f7ee6b4-a\"}",
  "level": "DEBUG",
  "service_name": "qms_service",
  "hostname": "f24facddf2d0",
  "timestamp": "2025-09-07T09:40:22+0000",
  "tag": "web-service"
}
{
  "log": "Получил сообщение от клиента - {\"response\": 3, \"message\": \"Устройство работает.\", \"device_id\": \"3f7ee6b4-a\"}",
  "level": "DEBUG",
  "service_name": "qms_service",
  "hostname": "f24facddf2d0",
  "timestamp": "2025-09-07T09:40:22+0000",
  "tag": "web-service"
}
{
  "log": "Получил сообщение от клиента - {\"response\": 3, \"message\": \"Устройство работает.\", \"device_id\": \"3f7ee6b4-a\"}",
  "level": "DEBUG",
  "service_name": "qms_service",
  "hostname": "f24facddf2d0",
  "timestamp": "2025-09-07T09:40:22+0000",
  "tag": "web-service"
}
{
  "log": "Получил сообщение от клиента - {\"response\": 3, \"message\": \"Устройство работает.\", \"device_id\": \"3f7ee6b4-a\"}",
  "level": "DEBUG",
  "service_name": "qms_service",
  "hostname": "f24facddf2d0",
  "timestamp": "2025-09-07T09:40:22+0000",
  "tag": "web-service"
}
{
  "log": "Получил сообщение от клиента - {\"response\": 3, \"message\": \"Устройство работает.\", \"device_id\": \"3f7ee6b4-a\"}",
  "level": "DEBUG",
  "service_name": "qms_service",
  "hostname": "f24facddf2d0",
  "timestamp": "2025-09-07T09:40:22+0000",
  "tag": "web-service"
}
{
  "log": "Получил сообщение от клиента - {\"response\": 3, \"message\": \"Устройство работает.\", \"device_id\": \"3f7ee6b4-a\"}",
  "level": "DEBUG",
  "service_name": "qms_service",
  "hostname": "f24facddf2d0",
  "timestamp": "2025-09-07T09:40:22+0000",
  "tag": "web-service"
}
{
  "log": "Получил сообщение от клиента - {\"response\": 3, \"message\": \"Устройство работает.\", \"device_id\": \"3f7ee6b4-a\"}",
  "level": "DEBUG",
  "service_name": "qms_service",
  "hostname": "f24facddf2d0",
  "timestamp": "2025-09-07T09:40:22+0000",
  "tag": "web-service"
}
{
  "log": "Отправил запрос на состояние девайса 3f7ee6b4-a. Девайс работает",
  "level": "INFO",
  "service_name": "qms_service",
  "hostname": "f24facddf2d0",
  "timestamp": "2025-09-07T09:40:22+0000",
  "tag": "web-service"
}
{
  "log": "Успешно обновил состояние девайса 3f7ee6b4-a на on",
  "level": "INFO",
  "service_name": "qms_service",
  "hostname": "f24facddf2d0",
  "timestamp": "2025-09-07T09:40:23+0000",
  "tag": "web-service"
}
{
  "log": "Функцию <bound method SQLiteDB.get_device of <src.databases.sqlite_db.sqlite_engine.SQLiteDB object at 0x7f7aeba7eff0>> вызвал стек   File \"/qms_service/src/handlers/get_handlers.py\", line 30, in handle_request_on_get_device\n    return sqlite_engine.get_device(device_id)\n",
  "level": "INFO",
  "service_name": "qms_service",
  "hostname": "f24facddf2d0",
  "timestamp": "2025-09-07T09:40:23+0000",
  "tag": "web-service"
}
{
  "log": "Девайс 3f7ee6b4-a с названием NONE_NAME_DEVICE и со статусом on",
  "level": "DEBUG",
  "service_name": "qms_service",
  "hostname": "f24facddf2d0",
  "timestamp": "2025-09-07T09:40:23+0000",
  "tag": "web-service"
}
{
  "log": "/get_device/ принял запрос на получение устройства: 1f5114e3-9",
  "level": "INFO",
  "service_name": "qms_service",
  "hostname": "f24facddf2d0",
  "timestamp": "2025-09-07T09:40:25+0000",
  "tag": "web-service"
}
{
  "log": "Получил сообщение от клиента - {\"response\": 3, \"message\": \"Устройство работает.\", \"device_id\": \"3f7ee6b4-a\"}",
  "level": "DEBUG",
  "service_name": "qms_service",
  "hostname": "f24facddf2d0",
  "timestamp": "2025-09-07T09:40:25+0000",
  "tag": "web-service"
}
{
  "log": "Отправил запрос на состояние девайса 1f5114e3-9. Девайс не работает",
  "level": "WARNING",
  "service_name": "qms_service",
  "hostname": "f24facddf2d0",
  "timestamp": "2025-09-07T09:40:25+0000",
  "tag": "web-service"
}
{
  "log": "Успешно обновил состояние девайса 1f5114e3-9 на off",
  "level": "INFO",
  "service_name": "qms_service",
  "hostname": "f24facddf2d0",
  "timestamp": "2025-09-07T09:40:25+0000",
  "tag": "web-service"
}
{
  "log": "Функцию <bound method SQLiteDB.get_device of <src.databases.sqlite_db.sqlite_engine.SQLiteDB object at 0x7f7aeba7eff0>> вызвал стек   File \"/qms_service/src/handlers/get_handlers.py\", line 30, in handle_request_on_get_device\n    return sqlite_engine.get_device(device_id)\n",
  "level": "INFO",
  "service_name": "qms_service",
  "hostname": "f24facddf2d0",
  "timestamp": "2025-09-07T09:40:25+0000",
  "tag": "web-service"
}
{
  "log": "Девайс 1f5114e3-9 с названием SM-A8 и со статусом off",
  "level": "DEBUG",
  "service_name": "qms_service",
  "hostname": "f24facddf2d0",
  "timestamp": "2025-09-07T09:40:25+0000",
  "tag": "web-service"
}
{
  "log": "/get_device/ принял запрос на получение устройства: 1f5114e3-9",
  "level": "INFO",
  "service_name": "qms_service",
  "hostname": "f24facddf2d0",
  "timestamp": "2025-09-07T09:40:29+0000",
  "tag": "web-service"
}
{
  "log": "Успешно обновил состояние девайса 1f5114e3-9 на off",
  "level": "INFO",
  "service_name": "qms_service",
  "hostname": "f24facddf2d0",
  "timestamp": "2025-09-07T09:40:40+0000",
  "tag": "web-service"
}
{
  "log": "Отправил запрос на состояние девайса 1f5114e3-9. Девайс не работает",
  "level": "WARNING",
  "service_name": "qms_service",
  "hostname": "f24facddf2d0",
  "timestamp": "2025-09-07T09:40:40+0000",
  "tag": "web-service"
}
{
  "log": "Успешно обновил состояние девайса 1f5114e3-9 на off",
  "level": "INFO",
  "service_name": "qms_service",
  "hostname": "f24facddf2d0",
  "timestamp": "2025-09-07T09:40:40+0000",
  "tag": "web-service"
}
{
  "log": "Функцию <bound method SQLiteDB.get_device of <src.databases.sqlite_db.sqlite_engine.SQLiteDB object at 0x7f7aeba7eff0>> вызвал стек   File \"/qms_service/src/handlers/get_handlers.py\", line 30, in handle_request_on_get_device\n    return sqlite_engine.get_device(device_id)\n",
  "level": "INFO",
  "service_name": "qms_service",
  "hostname": "f24facddf2d0",
  "timestamp": "2025-09-07T09:40:40+0000",
  "tag": "web-service"
}
{
  "log": "Девайс 1f5114e3-9 с названием SM-A8 и со статусом off",
  "level": "DEBUG",
  "service_name": "qms_service",
  "hostname": "f24facddf2d0",
  "timestamp": "2025-09-07T09:40:40+0000",
  "tag": "web-service"
}
{
  "log": "/get_device/ принял запрос на получение устройства: 3f7ee6b4-a",
  "level": "INFO",
  "service_name": "qms_service",
  "hostname": "f24facddf2d0",
  "timestamp": "2025-09-07T09:40:40+0000",
  "tag": "web-service"
}
{
  "log": "Успешно обновил состояние девайса 3f7ee6b4-a на off",
  "level": "INFO",
  "service_name": "qms_service",
  "hostname": "f24facddf2d0",
  "timestamp": "2025-09-07T09:40:50+0000",
  "tag": "web-service"
}
{
  "log": "Отправил запрос на состояние девайса 3f7ee6b4-a. Девайс не работает",
  "level": "WARNING",
  "service_name": "qms_service",
  "hostname": "f24facddf2d0",
  "timestamp": "2025-09-07T09:40:50+0000",
  "tag": "web-service"
}
{
  "log": "Успешно обновил состояние девайса 3f7ee6b4-a на off",
  "level": "INFO",
  "service_name": "qms_service",
  "hostname": "f24facddf2d0",
  "timestamp": "2025-09-07T09:40:50+0000",
  "tag": "web-service"
}
{
  "log": "Функцию <bound method SQLiteDB.get_device of <src.databases.sqlite_db.sqlite_engine.SQLiteDB object at 0x7f7aeba7eff0>> вызвал стек   File \"/qms_service/src/handlers/get_handlers.py\", line 30, in handle_request_on_get_device\n    return sqlite_engine.get_device(device_id)\n",
  "level": "INFO",
  "service_name": "qms_service",
  "hostname": "f24facddf2d0",
  "timestamp": "2025-09-07T09:40:50+0000",
  "tag": "web-service"
}
{
  "log": "Девайс 3f7ee6b4-a с названием NONE_NAME_DEVICE и со статусом off",
  "level": "DEBUG",
  "service_name": "qms_service",
  "hostname": "f24facddf2d0",
  "timestamp": "2025-09-07T09:40:50+0000",
  "tag": "web-service"
}
