INFO : 2025-08-09 01:17:03,098 - Инициализировалось ядро сайта.
INFO : 2025-08-09 01:17:03,098 - Подключил все endpoints
INFO : 2025-08-09 01:18:32,132 - Инициализировалось ядро сайта.
INFO : 2025-08-09 01:18:32,133 - Подключил все endpoints
INFO : 2025-08-09 01:21:09,351 - Инициализировалось ядро сайта.
INFO : 2025-08-09 01:21:09,352 - Подключил все endpoints
INFO : 2025-08-09 01:21:27,003 - Инициализировалось ядро сайта.
INFO : 2025-08-09 01:21:27,004 - Подключил все endpoints
INFO : 2025-08-09 01:21:57,004 - Инициализировалось ядро сайта.
INFO : 2025-08-09 01:21:57,005 - Подключил все endpoints
INFO : 2025-08-09 01:21:58,320 - Инициализировалось ядро сайта.
INFO : 2025-08-09 01:21:58,321 - Подключил все endpoints
INFO : 2025-08-09 01:22:22,359 - Инициализировалось ядро сайта.
INFO : 2025-08-09 01:22:22,359 - Подключил все endpoints
INFO : 2025-08-09 01:24:48,899 - Инициализировалось ядро сайта.
INFO : 2025-08-09 01:24:48,900 - Подключил все endpoints
INFO : 2025-08-09 01:24:52,518 - Инициализировалось ядро сайта.
INFO : 2025-08-09 01:24:52,519 - Подключил все endpoints
INFO : 2025-08-09 01:26:43,619 - Инициализировалось ядро сайта.
INFO : 2025-08-09 01:26:43,621 - Подключил все endpoints
INFO : 2025-08-09 01:27:25,629 - Инициализировалось ядро сайта.
INFO : 2025-08-09 01:27:25,630 - Подключил все endpoints
INFO : 2025-08-09 01:44:05,057 - Инициализировалось ядро сайта.
INFO : 2025-08-09 01:44:05,059 - Подключил все endpoints
INFO : 2025-08-09 01:49:28,956 - Инициализировалось ядро сайта.
INFO : 2025-08-09 01:49:28,958 - Подключил все endpoints
INFO : 2025-08-09 01:51:00,042 - Инициализировалось ядро сайта.
INFO : 2025-08-09 01:51:00,043 - Подключил все endpoints
INFO : 2025-08-09 01:51:16,265 - Инициализировалось ядро сайта.
INFO : 2025-08-09 01:51:16,266 - Подключил все endpoints
INFO : 2025-08-09 01:51:35,073 - Инициализировалось ядро сайта.
INFO : 2025-08-09 01:51:35,074 - Подключил все endpoints
INFO : 2025-08-09 02:01:59,413 - Инициализировалось ядро сайта.
INFO : 2025-08-09 02:01:59,413 - Подключил все endpoints
INFO : 2025-08-09 10:25:19,528 - Инициализировалось ядро сайта.
INFO : 2025-08-09 10:25:19,528 - Подключил все endpoints
INFO : 2025-08-09 13:56:37,949 - Инициализировалось ядро сайта.
INFO : 2025-08-09 13:56:37,949 - Подключил все endpoints
INFO : 2025-08-09 14:03:31,290 - Инициализировалось ядро сайта.
INFO : 2025-08-09 14:03:31,291 - Подключил все endpoints
INFO : 2025-08-09 21:32:50,964 - Инициализировалось ядро сайта.
INFO : 2025-08-09 21:32:50,964 - Подключил все endpoints
INFO : 2025-08-09 21:52:29,871 - Инициализировалось ядро сайта.
INFO : 2025-08-09 21:52:29,871 - Подключил все endpoints
INFO : 2025-08-09 22:04:21,932 - Инициализировалось ядро сайта.
INFO : 2025-08-09 22:04:21,932 - Подключил все endpoints
INFO : 2025-08-09 22:25:44,882 - Инициализировалось ядро сайта.
INFO : 2025-08-09 22:25:44,898 - Подключил все endpoints
INFO : 2025-08-09 22:35:17,864 - Инициализировалось ядро сайта.
INFO : 2025-08-09 22:35:17,868 - Подключил все endpoints
DEBUG : 2025-08-09 22:35:41,752 - Данные, которые отправил клиента для тестирования сети: ssid='test_wlan' password='1234567890' list_id_of_devices=[1, 2]
DEBUG : 2025-08-09 22:38:30,836 - Данные, которые отправил клиента для тестирования сети: ssid='test_wlan' password='1234567890' list_id_of_devices=[1, 2, 3, 4, 5, 6]
INFO : 2025-08-10 18:24:46,669 - Инициализировалось ядро сайта.
INFO : 2025-08-10 18:24:46,672 - Подключил все endpoints
INFO : 2025-08-10 18:27:18,329 - Инициализировалось ядро сайта.
INFO : 2025-08-10 18:27:18,329 - Подключил все endpoints
INFO : 2025-08-10 18:28:19,006 - Инициализировалось ядро сайта.
INFO : 2025-08-10 18:28:19,009 - Подключил все endpoints
INFO : 2025-08-10 18:29:27,418 - Инициализировалось ядро сайта.
INFO : 2025-08-10 18:29:27,425 - Подключил все endpoints
INFO : 2025-08-10 18:30:40,448 - Инициализировалось ядро сайта.
INFO : 2025-08-10 18:30:40,456 - Подключил все endpoints
INFO : 2025-08-10 18:31:35,198 - Инициализировалось ядро сайта.
INFO : 2025-08-10 18:31:35,206 - Подключил все endpoints
INFO : 2025-08-10 18:31:57,998 - Инициализировалось ядро сайта.
INFO : 2025-08-10 18:31:58,005 - Подключил все endpoints
INFO : 2025-08-10 18:32:17,396 - Инициализировалось ядро сайта.
INFO : 2025-08-10 18:32:17,396 - Подключил все endpoints
DEBUG : 2025-08-10 18:32:19,542 - [(1, 'iphone 11', None)]
INFO : 2025-08-10 18:33:38,906 - Инициализировалось ядро сайта.
INFO : 2025-08-10 18:33:38,909 - Подключил все endpoints
INFO : 2025-08-10 18:33:54,799 - Инициализировалось ядро сайта.
INFO : 2025-08-10 18:33:54,806 - Подключил все endpoints
DEBUG : 2025-08-10 18:33:56,604 - [(1, 'iphone 11', None)]
INFO : 2025-08-10 18:34:13,356 - Инициализировалось ядро сайта.
INFO : 2025-08-10 18:34:13,358 - Подключил все endpoints
DEBUG : 2025-08-10 18:34:15,139 - [(1, 'iphone 11', None)]
INFO : 2025-08-10 18:40:32,006 - Инициализировалось ядро сайта.
INFO : 2025-08-10 18:40:32,006 - Подключил все endpoints
DEBUG : 2025-08-10 18:40:38,448 - [(1, 'iphone 11', None)]
INFO : 2025-08-10 18:41:13,889 - Инициализировалось ядро сайта.
INFO : 2025-08-10 18:41:13,889 - Подключил все endpoints
DEBUG : 2025-08-10 18:41:17,810 - [(1, 'iphone 11', None)]
INFO : 2025-08-10 23:11:54,654 - Инициализировалось ядро сайта.
INFO : 2025-08-10 23:11:54,654 - Подключил все endpoints
DEBUG : 2025-08-10 23:12:04,212 - [(1, 'iphone 11', None)]
DEBUG : 2025-08-10 23:13:00,824 - [(1, 'iphone 11', None)]
DEBUG : 2025-08-10 23:14:01,670 - Данные, которые отправил клиента для тестирования сети: ssid='test_wlan' password='12345678' list_id_of_devices=[1]
INFO : 2025-08-10 23:16:33,764 - Инициализировалось ядро сайта.
INFO : 2025-08-10 23:16:33,764 - Подключил все endpoints
DEBUG : 2025-08-10 23:16:40,109 - []
INFO : 2025-08-10 23:17:18,956 - Инициализировалось ядро сайта.
INFO : 2025-08-10 23:17:18,956 - Подключил все endpoints
DEBUG : 2025-08-10 23:17:21,446 - [(1, 'iphone 11', 1)]
INFO : 2025-08-10 23:23:05,959 - Инициализировалось ядро сайта.
INFO : 2025-08-10 23:23:05,959 - Подключил все endpoints
DEBUG : 2025-08-10 23:23:10,996 - [(1, 'iphone 11', 1)]
DEBUG : 2025-08-10 23:25:46,527 - [(1, 'iphone 11', 1)]
DEBUG : 2025-08-10 23:25:46,648 - [(1, 'iphone 11', 1)]
INFO : 2025-08-10 23:25:48,961 - Инициализировалось ядро сайта.
INFO : 2025-08-10 23:25:48,961 - Подключил все endpoints
DEBUG : 2025-08-10 23:25:53,705 - [(1, 'iphone 11', 1)]
DEBUG : 2025-08-10 23:26:00,937 - [(1, 'iphone 11', 1)]
INFO : 2025-08-10 23:26:51,336 - Инициализировалось ядро сайта.
INFO : 2025-08-10 23:26:51,336 - Подключил все endpoints
DEBUG : 2025-08-10 23:26:53,324 - [(1, 'iphone 11', 1)]
INFO : 2025-08-11 10:51:41,708 - Инициализировалось ядро сайта.
INFO : 2025-08-11 10:51:41,708 - Подключил все endpoints
DEBUG : 2025-08-11 10:51:45,343 - [(1, 'iphone 11', 1)]
DEBUG : 2025-08-11 10:52:15,585 - Данные, которые отправил клиента для тестирования сети: ssid='test_wlan' password='1234567890' list_id_of_devices=[1]
INFO : 2025-08-11 13:46:35,397 - Инициализировалось ядро сайта.
INFO : 2025-08-11 13:46:35,397 - Подключил все endpoints
DEBUG : 2025-08-11 13:46:40,587 - [(1, 'iphone 11', 1)]
INFO : 2025-08-11 13:47:57,585 - Инициализировалось ядро сайта.
INFO : 2025-08-11 13:47:57,585 - Подключил все endpoints
DEBUG : 2025-08-11 13:48:04,538 - [(1, 'iphone 11', 1)]
DEBUG : 2025-08-11 13:48:51,384 - Данные, которые отправил клиента для тестирования сети: ssid='test_wlan' password='1234567890' list_id_of_devices=[1]
INFO : 2025-08-11 12:11:53,476 - Инициализировалось ядро сайта.
INFO : 2025-08-11 12:11:53,481 - Подключил все endpoints
INFO : 2025-08-11 12:14:43,707 - Инициализировалось ядро сайта.
INFO : 2025-08-11 12:14:43,709 - Подключил все endpoints
INFO : 2025-08-11 12:17:34,908 - Инициализировалось ядро сайта.
INFO : 2025-08-11 12:17:34,911 - Подключил все endpoints
INFO : 2025-08-11 12:19:13,735 - Инициализировалось ядро сайта.
INFO : 2025-08-11 12:19:13,737 - Подключил все endpoints
INFO : 2025-08-11 12:26:35,982 - Инициализировалось ядро сайта.
INFO : 2025-08-11 12:26:35,984 - Подключил все endpoints
DEBUG : 2025-08-11 12:26:40,801 - [(1, 'iphone 11', 1)]
DEBUG : 2025-08-11 12:27:20,450 - Данные, которые отправил клиента для тестирования сети: ssid='test_wlan' password='1234567890' list_id_of_devices=[1]
