{"message":"section <parse> is not used in <filter rabbitmq-service.**> of record_transformer plugin"}
{"message":"section <parse> is not used in <filter web-service.**> of record_transformer plugin"}
{"message":"section <record> is not used in <match web-service.**> of file plugin"}
{"pid":16,"ppid":7,"worker":0,"message":"starting fluentd worker pid=16 ppid=7 worker=0"}
{"port":24224,"bind":"0.0.0.0","message":"listening port port=24224 bind=\"0.0.0.0\""}
{"worker":0,"message":"fluentd worker is now running worker=0"}
{"worker":0,"message":"fluentd worker is now stopping worker=0"}
{"message":"section <parse> is not used in <filter rabbitmq-service.**> of record_transformer plugin"}
{"message":"section <parse> is not used in <filter web-service.**> of record_transformer plugin"}
{"message":"section <record> is not used in <match web-service.**> of file plugin"}
{"pid":16,"ppid":7,"worker":0,"message":"starting fluentd worker pid=16 ppid=7 worker=0"}
{"error":"#<RuntimeError: can't enqueue buffer file: path = /fluentd/log/all/all/buffer.b63da8f6caa5823ab587d8d27d45b2814.log, error = 'No such file or directory @ rb_sysopen - /fluentd/log/all/all/buffer.q63da8f6caa5823ab587d8d27d45b2814.log'>","message":"unexpected error while checking flushed chunks. ignored. error_class=RuntimeError error=\"can't enqueue buffer file: path = /fluentd/log/all/all/buffer.b63da8f6caa5823ab587d8d27d45b2814.log, error = 'No such file or directory @ rb_sysopen - /fluentd/log/all/all/buffer.q63da8f6caa5823ab587d8d27d45b2814.log'\""}
{"port":24224,"bind":"0.0.0.0","message":"listening port port=24224 bind=\"0.0.0.0\""}
{"worker":0,"message":"fluentd worker is now running worker=0"}
{"error":"#<RuntimeError: can't enqueue buffer file: path = /fluentd/log/rmq/rabbitmq/buffer.b63da90ee0d19069809a207a81479d980.log, error = 'No such file or directory @ rb_sysopen - /fluentd/log/rmq/rabbitmq/buffer.q63da90ee0d19069809a207a81479d980.log'>","message":"unexpected error while checking flushed chunks. ignored. error_class=RuntimeError error=\"can't enqueue buffer file: path = /fluentd/log/rmq/rabbitmq/buffer.b63da90ee0d19069809a207a81479d980.log, error = 'No such file or directory @ rb_sysopen - /fluentd/log/rmq/rabbitmq/buffer.q63da90ee0d19069809a207a81479d980.log'\""}
{"retry_times":0,"next_retry_time":"2025-09-01 10:36:56 +0000","chunk":"63da8f6caa5823ab587d8d27d45b2814","error":"#<Errno::ENOENT: No such file or directory - fstat>","message":"failed to flush the buffer. retry_times=0 next_retry_time=2025-09-01 10:36:56 +0000 chunk=\"63da8f6caa5823ab587d8d27d45b2814\" error_class=Errno::ENOENT error=\"No such file or directory - fstat\""}
{"retry_times":0,"next_retry_time":"2025-09-01 10:36:57 +0000","chunk":"63da90ee0d19069809a207a81479d980","error":"#<Errno::ENOENT: No such file or directory - fstat>","message":"failed to flush the buffer. retry_times=0 next_retry_time=2025-09-01 10:36:57 +0000 chunk=\"63da90ee0d19069809a207a81479d980\" error_class=Errno::ENOENT error=\"No such file or directory - fstat\""}
{"retry_times":1,"next_retry_time":"2025-09-01 10:36:58 +0000","chunk":"63da8f6caa5823ab587d8d27d45b2814","error":"#<Errno::ENOENT: No such file or directory - fstat>","message":"failed to flush the buffer. retry_times=1 next_retry_time=2025-09-01 10:36:58 +0000 chunk=\"63da8f6caa5823ab587d8d27d45b2814\" error_class=Errno::ENOENT error=\"No such file or directory - fstat\""}
{"retry_times":1,"next_retry_time":"2025-09-01 10:37:00 +0000","chunk":"63da90ee0d19069809a207a81479d980","error":"#<Errno::ENOENT: No such file or directory - fstat>","message":"failed to flush the buffer. retry_times=1 next_retry_time=2025-09-01 10:37:00 +0000 chunk=\"63da90ee0d19069809a207a81479d980\" error_class=Errno::ENOENT error=\"No such file or directory - fstat\""}
{"retry_times":2,"next_retry_time":"2025-09-01 10:37:02 +0000","chunk":"63da8f6caa5823ab587d8d27d45b2814","error":"#<Errno::ENOENT: No such file or directory - fstat>","message":"failed to flush the buffer. retry_times=2 next_retry_time=2025-09-01 10:37:02 +0000 chunk=\"63da8f6caa5823ab587d8d27d45b2814\" error_class=Errno::ENOENT error=\"No such file or directory - fstat\""}
{"retry_times":2,"next_retry_time":"2025-09-01 10:37:03 +0000","chunk":"63da90ee0d19069809a207a81479d980","error":"#<Errno::ENOENT: No such file or directory - fstat>","message":"failed to flush the buffer. retry_times=2 next_retry_time=2025-09-01 10:37:03 +0000 chunk=\"63da90ee0d19069809a207a81479d980\" error_class=Errno::ENOENT error=\"No such file or directory - fstat\""}
{"retry_times":3,"next_retry_time":"2025-09-01 10:37:09 +0000","chunk":"63da8f6caa5823ab587d8d27d45b2814","error":"#<Errno::ENOENT: No such file or directory - fstat>","message":"failed to flush the buffer. retry_times=3 next_retry_time=2025-09-01 10:37:09 +0000 chunk=\"63da8f6caa5823ab587d8d27d45b2814\" error_class=Errno::ENOENT error=\"No such file or directory - fstat\""}
{"retry_times":3,"next_retry_time":"2025-09-01 10:37:12 +0000","chunk":"63da90ee0d19069809a207a81479d980","error":"#<Errno::ENOENT: No such file or directory - fstat>","message":"failed to flush the buffer. retry_times=3 next_retry_time=2025-09-01 10:37:12 +0000 chunk=\"63da90ee0d19069809a207a81479d980\" error_class=Errno::ENOENT error=\"No such file or directory - fstat\""}
{"retry_times":4,"next_retry_time":"2025-09-01 10:37:26 +0000","chunk":"63da8f6caa5823ab587d8d27d45b2814","error":"#<Errno::ENOENT: No such file or directory - fstat>","message":"failed to flush the buffer. retry_times=4 next_retry_time=2025-09-01 10:37:26 +0000 chunk=\"63da8f6caa5823ab587d8d27d45b2814\" error_class=Errno::ENOENT error=\"No such file or directory - fstat\""}
{"retry_times":4,"next_retry_time":"2025-09-01 10:37:28 +0000","chunk":"63da90ee0d19069809a207a81479d980","error":"#<Errno::ENOENT: No such file or directory - fstat>","message":"failed to flush the buffer. retry_times=4 next_retry_time=2025-09-01 10:37:28 +0000 chunk=\"63da90ee0d19069809a207a81479d980\" error_class=Errno::ENOENT error=\"No such file or directory - fstat\""}
{"retry_times":5,"next_retry_time":"2025-09-01 10:37:56 +0000","chunk":"63da8f6caa5823ab587d8d27d45b2814","error":"#<Errno::ENOENT: No such file or directory - fstat>","message":"failed to flush the buffer. retry_times=5 next_retry_time=2025-09-01 10:37:56 +0000 chunk=\"63da8f6caa5823ab587d8d27d45b2814\" error_class=Errno::ENOENT error=\"No such file or directory - fstat\""}
{"retry_times":5,"next_retry_time":"2025-09-01 10:37:57 +0000","chunk":"63da90ee0d19069809a207a81479d980","error":"#<Errno::ENOENT: No such file or directory - fstat>","message":"failed to flush the buffer. retry_times=5 next_retry_time=2025-09-01 10:37:57 +0000 chunk=\"63da90ee0d19069809a207a81479d980\" error_class=Errno::ENOENT error=\"No such file or directory - fstat\""}
{"retry_times":6,"next_retry_time":"2025-09-01 10:38:53 +0000","chunk":"63da8f6caa5823ab587d8d27d45b2814","error":"#<Errno::ENOENT: No such file or directory - fstat>","message":"failed to flush the buffer. retry_times=6 next_retry_time=2025-09-01 10:38:53 +0000 chunk=\"63da8f6caa5823ab587d8d27d45b2814\" error_class=Errno::ENOENT error=\"No such file or directory - fstat\""}
{"retry_times":6,"next_retry_time":"2025-09-01 10:39:09 +0000","chunk":"63da90ee0d19069809a207a81479d980","error":"#<Errno::ENOENT: No such file or directory - fstat>","message":"failed to flush the buffer. retry_times=6 next_retry_time=2025-09-01 10:39:09 +0000 chunk=\"63da90ee0d19069809a207a81479d980\" error_class=Errno::ENOENT error=\"No such file or directory - fstat\""}
{"retry_times":7,"next_retry_time":"2025-09-01 10:40:52 +0000","chunk":"63da8f6caa5823ab587d8d27d45b2814","error":"#<Errno::ENOENT: No such file or directory - fstat>","message":"failed to flush the buffer. retry_times=7 next_retry_time=2025-09-01 10:40:52 +0000 chunk=\"63da8f6caa5823ab587d8d27d45b2814\" error_class=Errno::ENOENT error=\"No such file or directory - fstat\""}
{"retry_times":7,"next_retry_time":"2025-09-01 10:41:20 +0000","chunk":"63da90ee0d19069809a207a81479d980","error":"#<Errno::ENOENT: No such file or directory - fstat>","message":"failed to flush the buffer. retry_times=7 next_retry_time=2025-09-01 10:41:20 +0000 chunk=\"63da90ee0d19069809a207a81479d980\" error_class=Errno::ENOENT error=\"No such file or directory - fstat\""}
{"retry_times":8,"next_retry_time":"2025-09-01 10:45:29 +0000","chunk":"63da8f6caa5823ab587d8d27d45b2814","error":"#<Errno::ENOENT: No such file or directory - fstat>","message":"failed to flush the buffer. retry_times=8 next_retry_time=2025-09-01 10:45:29 +0000 chunk=\"63da8f6caa5823ab587d8d27d45b2814\" error_class=Errno::ENOENT error=\"No such file or directory - fstat\""}
{"retry_times":8,"next_retry_time":"2025-09-01 10:45:09 +0000","chunk":"63da90ee0d19069809a207a81479d980","error":"#<Errno::ENOENT: No such file or directory - fstat>","message":"failed to flush the buffer. retry_times=8 next_retry_time=2025-09-01 10:45:09 +0000 chunk=\"63da90ee0d19069809a207a81479d980\" error_class=Errno::ENOENT error=\"No such file or directory - fstat\""}
{"worker":0,"message":"fluentd worker is now stopping worker=0"}
{"message":"section <parse> is not used in <filter rabbitmq-service.**> of record_transformer plugin"}
{"message":"section <parse> is not used in <filter web-service.**> of record_transformer plugin"}
{"message":"section <record> is not used in <match web-service.**> of file plugin"}
{"pid":16,"ppid":7,"worker":0,"message":"starting fluentd worker pid=16 ppid=7 worker=0"}
{"port":24224,"bind":"0.0.0.0","message":"listening port port=24224 bind=\"0.0.0.0\""}
{"worker":0,"message":"fluentd worker is now running worker=0"}
{"chunk_id":"63da8f6caa5823ab587d8d27d45b2814","error_class":"Errno::ENOENT","error":"#<Errno::ENOENT: No such file or directory @ apply2files - /fluentd/log/all/all/buffer.q63da8f6caa5823ab587d8d27d45b2814.log.meta>","message":"failed to purge buffer chunk chunk_id=\"63da8f6caa5823ab587d8d27d45b2814\" error_class=Errno::ENOENT error=#<Errno::ENOENT: No such file or directory @ apply2files - /fluentd/log/all/all/buffer.q63da8f6caa5823ab587d8d27d45b2814.log.meta>"}
{"chunk_id":"63da90ee0d19069809a207a81479d980","error_class":"Errno::ENOENT","error":"#<Errno::ENOENT: No such file or directory @ apply2files - /fluentd/log/rmq/rabbitmq/buffer.q63da90ee0d19069809a207a81479d980.log.meta>","message":"failed to purge buffer chunk chunk_id=\"63da90ee0d19069809a207a81479d980\" error_class=Errno::ENOENT error=#<Errno::ENOENT: No such file or directory @ apply2files - /fluentd/log/rmq/rabbitmq/buffer.q63da90ee0d19069809a207a81479d980.log.meta>"}
{"worker":0,"message":"fluentd worker is now stopping worker=0"}
{"message":"section <parse> is not used in <filter rabbitmq-service.**> of record_transformer plugin"}
{"message":"section <parse> is not used in <filter web-service.**> of record_transformer plugin"}
{"message":"section <record> is not used in <match web-service.**> of file plugin"}
{"pid":16,"ppid":7,"worker":0,"message":"starting fluentd worker pid=16 ppid=7 worker=0"}
{"port":24224,"bind":"0.0.0.0","message":"listening port port=24224 bind=\"0.0.0.0\""}
{"worker":0,"message":"fluentd worker is now running worker=0"}
{"worker":0,"message":"fluentd worker is now stopping worker=0"}
{"message":"section <parse> is not used in <filter rabbitmq-service.**> of record_transformer plugin"}
{"message":"section <parse> is not used in <filter web-service.**> of record_transformer plugin"}
{"message":"section <record> is not used in <match web-service.**> of file plugin"}
{"pid":16,"ppid":7,"worker":0,"message":"starting fluentd worker pid=16 ppid=7 worker=0"}
{"error":"#<RuntimeError: can't enqueue buffer file: path = /fluentd/log/all/all/buffer.b63dbaf34b83d458203387a8133c39a86.log, error = 'No such file or directory @ rb_sysopen - /fluentd/log/all/all/buffer.q63dbaf34b83d458203387a8133c39a86.log'>","message":"unexpected error while checking flushed chunks. ignored. error_class=RuntimeError error=\"can't enqueue buffer file: path = /fluentd/log/all/all/buffer.b63dbaf34b83d458203387a8133c39a86.log, error = 'No such file or directory @ rb_sysopen - /fluentd/log/all/all/buffer.q63dbaf34b83d458203387a8133c39a86.log'\""}
{"error":"#<RuntimeError: can't enqueue buffer file: path = /fluentd/log/web/web-service/buffer.b63dbaf4e156bffca79fd2c4bdec2b7e1.log, error = 'No such file or directory @ rb_sysopen - /fluentd/log/web/web-service/buffer.q63dbaf4e156bffca79fd2c4bdec2b7e1.log'>","message":"unexpected error while checking flushed chunks. ignored. error_class=RuntimeError error=\"can't enqueue buffer file: path = /fluentd/log/web/web-service/buffer.b63dbaf4e156bffca79fd2c4bdec2b7e1.log, error = 'No such file or directory @ rb_sysopen - /fluentd/log/web/web-service/buffer.q63dbaf4e156bffca79fd2c4bdec2b7e1.log'\""}
{"port":24224,"bind":"0.0.0.0","message":"listening port port=24224 bind=\"0.0.0.0\""}
{"worker":0,"message":"fluentd worker is now running worker=0"}
{"error":"#<RuntimeError: can't enqueue buffer file: path = /fluentd/log/rmq/rabbitmq/buffer.b63dbaf3f2c3a64aab6d982438b634ec1.log, error = 'No such file or directory @ rb_sysopen - /fluentd/log/rmq/rabbitmq/buffer.q63dbaf3f2c3a64aab6d982438b634ec1.log'>","message":"unexpected error while checking flushed chunks. ignored. error_class=RuntimeError error=\"can't enqueue buffer file: path = /fluentd/log/rmq/rabbitmq/buffer.b63dbaf3f2c3a64aab6d982438b634ec1.log, error = 'No such file or directory @ rb_sysopen - /fluentd/log/rmq/rabbitmq/buffer.q63dbaf3f2c3a64aab6d982438b634ec1.log'\""}
{"retry_times":0,"next_retry_time":"2025-09-03 06:53:32 +0000","chunk":"63dbaf34b83d458203387a8133c39a86","error":"#<Errno::ENOENT: No such file or directory - fstat>","message":"failed to flush the buffer. retry_times=0 next_retry_time=2025-09-03 06:53:32 +0000 chunk=\"63dbaf34b83d458203387a8133c39a86\" error_class=Errno::ENOENT error=\"No such file or directory - fstat\""}
{"retry_times":0,"next_retry_time":"2025-09-03 06:53:33 +0000","chunk":"63dbaf4e156bffca79fd2c4bdec2b7e1","error":"#<Errno::ENOENT: No such file or directory - fstat>","message":"failed to flush the buffer. retry_times=0 next_retry_time=2025-09-03 06:53:33 +0000 chunk=\"63dbaf4e156bffca79fd2c4bdec2b7e1\" error_class=Errno::ENOENT error=\"No such file or directory - fstat\""}
{"retry_times":0,"next_retry_time":"2025-09-03 06:53:33 +0000","chunk":"63dbaf3f2c3a64aab6d982438b634ec1","error":"#<Errno::ENOENT: No such file or directory - fstat>","message":"failed to flush the buffer. retry_times=0 next_retry_time=2025-09-03 06:53:33 +0000 chunk=\"63dbaf3f2c3a64aab6d982438b634ec1\" error_class=Errno::ENOENT error=\"No such file or directory - fstat\""}
{"retry_times":1,"next_retry_time":"2025-09-03 06:53:34 +0000","chunk":"63dbaf34b83d458203387a8133c39a86","error":"#<Errno::ENOENT: No such file or directory - fstat>","message":"failed to flush the buffer. retry_times=1 next_retry_time=2025-09-03 06:53:34 +0000 chunk=\"63dbaf34b83d458203387a8133c39a86\" error_class=Errno::ENOENT error=\"No such file or directory - fstat\""}
{"retry_times":1,"next_retry_time":"2025-09-03 06:53:35 +0000","chunk":"63dbaf4e156bffca79fd2c4bdec2b7e1","error":"#<Errno::ENOENT: No such file or directory - fstat>","message":"failed to flush the buffer. retry_times=1 next_retry_time=2025-09-03 06:53:35 +0000 chunk=\"63dbaf4e156bffca79fd2c4bdec2b7e1\" error_class=Errno::ENOENT error=\"No such file or directory - fstat\""}
{"retry_times":1,"next_retry_time":"2025-09-03 06:53:34 +0000","chunk":"63dbaf3f2c3a64aab6d982438b634ec1","error":"#<Errno::ENOENT: No such file or directory - fstat>","message":"failed to flush the buffer. retry_times=1 next_retry_time=2025-09-03 06:53:34 +0000 chunk=\"63dbaf3f2c3a64aab6d982438b634ec1\" error_class=Errno::ENOENT error=\"No such file or directory - fstat\""}
{"retry_times":2,"next_retry_time":"2025-09-03 06:53:37 +0000","chunk":"63dbaf34b83d458203387a8133c39a86","error":"#<Errno::ENOENT: No such file or directory - fstat>","message":"failed to flush the buffer. retry_times=2 next_retry_time=2025-09-03 06:53:37 +0000 chunk=\"63dbaf34b83d458203387a8133c39a86\" error_class=Errno::ENOENT error=\"No such file or directory - fstat\""}
{"retry_times":2,"next_retry_time":"2025-09-03 06:53:38 +0000","chunk":"63dbaf3f2c3a64aab6d982438b634ec1","error":"#<Errno::ENOENT: No such file or directory - fstat>","message":"failed to flush the buffer. retry_times=2 next_retry_time=2025-09-03 06:53:38 +0000 chunk=\"63dbaf3f2c3a64aab6d982438b634ec1\" error_class=Errno::ENOENT error=\"No such file or directory - fstat\""}
{"retry_times":2,"next_retry_time":"2025-09-03 06:53:39 +0000","chunk":"63dbaf4e156bffca79fd2c4bdec2b7e1","error":"#<Errno::ENOENT: No such file or directory - fstat>","message":"failed to flush the buffer. retry_times=2 next_retry_time=2025-09-03 06:53:39 +0000 chunk=\"63dbaf4e156bffca79fd2c4bdec2b7e1\" error_class=Errno::ENOENT error=\"No such file or directory - fstat\""}
{"retry_times":3,"next_retry_time":"2025-09-03 06:53:46 +0000","chunk":"63dbaf34b83d458203387a8133c39a86","error":"#<Errno::ENOENT: No such file or directory - fstat>","message":"failed to flush the buffer. retry_times=3 next_retry_time=2025-09-03 06:53:46 +0000 chunk=\"63dbaf34b83d458203387a8133c39a86\" error_class=Errno::ENOENT error=\"No such file or directory - fstat\""}
{"retry_times":3,"next_retry_time":"2025-09-03 06:53:46 +0000","chunk":"63dbaf3f2c3a64aab6d982438b634ec1","error":"#<Errno::ENOENT: No such file or directory - fstat>","message":"failed to flush the buffer. retry_times=3 next_retry_time=2025-09-03 06:53:46 +0000 chunk=\"63dbaf3f2c3a64aab6d982438b634ec1\" error_class=Errno::ENOENT error=\"No such file or directory - fstat\""}
{"retry_times":3,"next_retry_time":"2025-09-03 06:53:48 +0000","chunk":"63dbaf4e156bffca79fd2c4bdec2b7e1","error":"#<Errno::ENOENT: No such file or directory - fstat>","message":"failed to flush the buffer. retry_times=3 next_retry_time=2025-09-03 06:53:48 +0000 chunk=\"63dbaf4e156bffca79fd2c4bdec2b7e1\" error_class=Errno::ENOENT error=\"No such file or directory - fstat\""}
{"retry_times":4,"next_retry_time":"2025-09-03 06:54:02 +0000","chunk":"63dbaf3f2c3a64aab6d982438b634ec1","error":"#<Errno::ENOENT: No such file or directory - fstat>","message":"failed to flush the buffer. retry_times=4 next_retry_time=2025-09-03 06:54:02 +0000 chunk=\"63dbaf3f2c3a64aab6d982438b634ec1\" error_class=Errno::ENOENT error=\"No such file or directory - fstat\""}
{"retry_times":4,"next_retry_time":"2025-09-03 06:54:01 +0000","chunk":"63dbaf34b83d458203387a8133c39a86","error":"#<Errno::ENOENT: No such file or directory - fstat>","message":"failed to flush the buffer. retry_times=4 next_retry_time=2025-09-03 06:54:01 +0000 chunk=\"63dbaf34b83d458203387a8133c39a86\" error_class=Errno::ENOENT error=\"No such file or directory - fstat\""}
{"retry_times":4,"next_retry_time":"2025-09-03 06:54:04 +0000","chunk":"63dbaf4e156bffca79fd2c4bdec2b7e1","error":"#<Errno::ENOENT: No such file or directory - fstat>","message":"failed to flush the buffer. retry_times=4 next_retry_time=2025-09-03 06:54:04 +0000 chunk=\"63dbaf4e156bffca79fd2c4bdec2b7e1\" error_class=Errno::ENOENT error=\"No such file or directory - fstat\""}
{"retry_times":5,"next_retry_time":"2025-09-03 06:54:35 +0000","chunk":"63dbaf34b83d458203387a8133c39a86","error":"#<Errno::ENOENT: No such file or directory - fstat>","message":"failed to flush the buffer. retry_times=5 next_retry_time=2025-09-03 06:54:35 +0000 chunk=\"63dbaf34b83d458203387a8133c39a86\" error_class=Errno::ENOENT error=\"No such file or directory - fstat\""}
{"retry_times":5,"next_retry_time":"2025-09-03 06:54:36 +0000","chunk":"63dbaf3f2c3a64aab6d982438b634ec1","error":"#<Errno::ENOENT: No such file or directory - fstat>","message":"failed to flush the buffer. retry_times=5 next_retry_time=2025-09-03 06:54:36 +0000 chunk=\"63dbaf3f2c3a64aab6d982438b634ec1\" error_class=Errno::ENOENT error=\"No such file or directory - fstat\""}
{"retry_times":5,"next_retry_time":"2025-09-03 06:54:32 +0000","chunk":"63dbaf4e156bffca79fd2c4bdec2b7e1","error":"#<Errno::ENOENT: No such file or directory - fstat>","message":"failed to flush the buffer. retry_times=5 next_retry_time=2025-09-03 06:54:32 +0000 chunk=\"63dbaf4e156bffca79fd2c4bdec2b7e1\" error_class=Errno::ENOENT error=\"No such file or directory - fstat\""}
{"retry_times":6,"next_retry_time":"2025-09-03 06:55:36 +0000","chunk":"63dbaf4e156bffca79fd2c4bdec2b7e1","error":"#<Errno::ENOENT: No such file or directory - fstat>","message":"failed to flush the buffer. retry_times=6 next_retry_time=2025-09-03 06:55:36 +0000 chunk=\"63dbaf4e156bffca79fd2c4bdec2b7e1\" error_class=Errno::ENOENT error=\"No such file or directory - fstat\""}
{"retry_times":6,"next_retry_time":"2025-09-03 06:55:35 +0000","chunk":"63dbaf34b83d458203387a8133c39a86","error":"#<Errno::ENOENT: No such file or directory - fstat>","message":"failed to flush the buffer. retry_times=6 next_retry_time=2025-09-03 06:55:35 +0000 chunk=\"63dbaf34b83d458203387a8133c39a86\" error_class=Errno::ENOENT error=\"No such file or directory - fstat\""}
{"retry_times":6,"next_retry_time":"2025-09-03 06:55:35 +0000","chunk":"63dbaf3f2c3a64aab6d982438b634ec1","error":"#<Errno::ENOENT: No such file or directory - fstat>","message":"failed to flush the buffer. retry_times=6 next_retry_time=2025-09-03 06:55:35 +0000 chunk=\"63dbaf3f2c3a64aab6d982438b634ec1\" error_class=Errno::ENOENT error=\"No such file or directory - fstat\""}
{"worker":0,"message":"fluentd worker is now stopping worker=0"}
{"message":"section <parse> is not used in <filter rabbitmq-service.**> of record_transformer plugin"}
{"message":"section <parse> is not used in <filter web-service.**> of record_transformer plugin"}
{"message":"section <record> is not used in <match web-service.**> of file plugin"}
{"pid":16,"ppid":7,"worker":0,"message":"starting fluentd worker pid=16 ppid=7 worker=0"}
{"port":24224,"bind":"0.0.0.0","message":"listening port port=24224 bind=\"0.0.0.0\""}
{"worker":0,"message":"fluentd worker is now running worker=0"}
{"chunk_id":"63dbaf34b83d458203387a8133c39a86","error_class":"Errno::ENOENT","error":"#<Errno::ENOENT: No such file or directory @ apply2files - /fluentd/log/all/all/buffer.q63dbaf34b83d458203387a8133c39a86.log.meta>","message":"failed to purge buffer chunk chunk_id=\"63dbaf34b83d458203387a8133c39a86\" error_class=Errno::ENOENT error=#<Errno::ENOENT: No such file or directory @ apply2files - /fluentd/log/all/all/buffer.q63dbaf34b83d458203387a8133c39a86.log.meta>"}
{"chunk_id":"63dbaf4e156bffca79fd2c4bdec2b7e1","error_class":"Errno::ENOENT","error":"#<Errno::ENOENT: No such file or directory @ apply2files - /fluentd/log/web/web-service/buffer.q63dbaf4e156bffca79fd2c4bdec2b7e1.log.meta>","message":"failed to purge buffer chunk chunk_id=\"63dbaf4e156bffca79fd2c4bdec2b7e1\" error_class=Errno::ENOENT error=#<Errno::ENOENT: No such file or directory @ apply2files - /fluentd/log/web/web-service/buffer.q63dbaf4e156bffca79fd2c4bdec2b7e1.log.meta>"}
{"chunk_id":"63dbaf3f2c3a64aab6d982438b634ec1","error_class":"Errno::ENOENT","error":"#<Errno::ENOENT: No such file or directory @ apply2files - /fluentd/log/rmq/rabbitmq/buffer.q63dbaf3f2c3a64aab6d982438b634ec1.log.meta>","message":"failed to purge buffer chunk chunk_id=\"63dbaf3f2c3a64aab6d982438b634ec1\" error_class=Errno::ENOENT error=#<Errno::ENOENT: No such file or directory @ apply2files - /fluentd/log/rmq/rabbitmq/buffer.q63dbaf3f2c3a64aab6d982438b634ec1.log.meta>"}
{"worker":0,"message":"fluentd worker is now stopping worker=0"}
{"message":"section <parse> is not used in <filter rabbitmq-service.**> of record_transformer plugin"}
{"message":"section <parse> is not used in <filter web-service.**> of record_transformer plugin"}
{"message":"section <record> is not used in <match web-service.**> of file plugin"}
{"pid":16,"ppid":7,"worker":0,"message":"starting fluentd worker pid=16 ppid=7 worker=0"}
{"port":24224,"bind":"0.0.0.0","message":"listening port port=24224 bind=\"0.0.0.0\""}
{"worker":0,"message":"fluentd worker is now running worker=0"}
{"worker":0,"message":"fluentd worker is now stopping worker=0"}
{"message":"section <parse> is not used in <filter rabbitmq-service.**> of record_transformer plugin"}
{"message":"section <parse> is not used in <filter web-service.**> of record_transformer plugin"}
{"message":"section <record> is not used in <match web-service.**> of file plugin"}
{"pid":16,"ppid":7,"worker":0,"message":"starting fluentd worker pid=16 ppid=7 worker=0"}
{"error":"#<RuntimeError: can't enqueue buffer file: path = /fluentd/log/all/all/buffer.b63de00ffe3492d20379a6303480fad2d.log, error = 'No such file or directory @ rb_sysopen - /fluentd/log/all/all/buffer.q63de00ffe3492d20379a6303480fad2d.log'>","message":"unexpected error while checking flushed chunks. ignored. error_class=RuntimeError error=\"can't enqueue buffer file: path = /fluentd/log/all/all/buffer.b63de00ffe3492d20379a6303480fad2d.log, error = 'No such file or directory @ rb_sysopen - /fluentd/log/all/all/buffer.q63de00ffe3492d20379a6303480fad2d.log'\""}
{"error":"#<RuntimeError: can't enqueue buffer file: path = /fluentd/log/web/web-service/buffer.b63de0112146bf9427254cca6ee95f95c.log, error = 'No such file or directory @ rb_sysopen - /fluentd/log/web/web-service/buffer.q63de0112146bf9427254cca6ee95f95c.log'>","message":"unexpected error while checking flushed chunks. ignored. error_class=RuntimeError error=\"can't enqueue buffer file: path = /fluentd/log/web/web-service/buffer.b63de0112146bf9427254cca6ee95f95c.log, error = 'No such file or directory @ rb_sysopen - /fluentd/log/web/web-service/buffer.q63de0112146bf9427254cca6ee95f95c.log'\""}
{"port":24224,"bind":"0.0.0.0","message":"listening port port=24224 bind=\"0.0.0.0\""}
{"worker":0,"message":"fluentd worker is now running worker=0"}
{"error":"#<RuntimeError: can't enqueue buffer file: path = /fluentd/log/rmq/rabbitmq/buffer.b63de01098a9d06371e358e1fbdd8405f.log, error = 'No such file or directory @ rb_sysopen - /fluentd/log/rmq/rabbitmq/buffer.q63de01098a9d06371e358e1fbdd8405f.log'>","message":"unexpected error while checking flushed chunks. ignored. error_class=RuntimeError error=\"can't enqueue buffer file: path = /fluentd/log/rmq/rabbitmq/buffer.b63de01098a9d06371e358e1fbdd8405f.log, error = 'No such file or directory @ rb_sysopen - /fluentd/log/rmq/rabbitmq/buffer.q63de01098a9d06371e358e1fbdd8405f.log'\""}
{"retry_times":0,"next_retry_time":"2025-09-04 10:51:27 +0000","chunk":"63de00ffe3492d20379a6303480fad2d","error":"#<Errno::ENOENT: No such file or directory - fstat>","message":"failed to flush the buffer. retry_times=0 next_retry_time=2025-09-04 10:51:27 +0000 chunk=\"63de00ffe3492d20379a6303480fad2d\" error_class=Errno::ENOENT error=\"No such file or directory - fstat\""}
{"retry_times":0,"next_retry_time":"2025-09-04 10:51:28 +0000","chunk":"63de0112146bf9427254cca6ee95f95c","error":"#<Errno::ENOENT: No such file or directory - fstat>","message":"failed to flush the buffer. retry_times=0 next_retry_time=2025-09-04 10:51:28 +0000 chunk=\"63de0112146bf9427254cca6ee95f95c\" error_class=Errno::ENOENT error=\"No such file or directory - fstat\""}
{"retry_times":0,"next_retry_time":"2025-09-04 10:51:28 +0000","chunk":"63de01098a9d06371e358e1fbdd8405f","error":"#<Errno::ENOENT: No such file or directory - fstat>","message":"failed to flush the buffer. retry_times=0 next_retry_time=2025-09-04 10:51:28 +0000 chunk=\"63de01098a9d06371e358e1fbdd8405f\" error_class=Errno::ENOENT error=\"No such file or directory - fstat\""}
{"retry_times":1,"next_retry_time":"2025-09-04 10:51:29 +0000","chunk":"63de00ffe3492d20379a6303480fad2d","error":"#<Errno::ENOENT: No such file or directory - fstat>","message":"failed to flush the buffer. retry_times=1 next_retry_time=2025-09-04 10:51:29 +0000 chunk=\"63de00ffe3492d20379a6303480fad2d\" error_class=Errno::ENOENT error=\"No such file or directory - fstat\""}
{"retry_times":1,"next_retry_time":"2025-09-04 10:51:30 +0000","chunk":"63de0112146bf9427254cca6ee95f95c","error":"#<Errno::ENOENT: No such file or directory - fstat>","message":"failed to flush the buffer. retry_times=1 next_retry_time=2025-09-04 10:51:30 +0000 chunk=\"63de0112146bf9427254cca6ee95f95c\" error_class=Errno::ENOENT error=\"No such file or directory - fstat\""}
{"retry_times":1,"next_retry_time":"2025-09-04 10:51:30 +0000","chunk":"63de01098a9d06371e358e1fbdd8405f","error":"#<Errno::ENOENT: No such file or directory - fstat>","message":"failed to flush the buffer. retry_times=1 next_retry_time=2025-09-04 10:51:30 +0000 chunk=\"63de01098a9d06371e358e1fbdd8405f\" error_class=Errno::ENOENT error=\"No such file or directory - fstat\""}
{"retry_times":2,"next_retry_time":"2025-09-04 10:51:33 +0000","chunk":"63de00ffe3492d20379a6303480fad2d","error":"#<Errno::ENOENT: No such file or directory - fstat>","message":"failed to flush the buffer. retry_times=2 next_retry_time=2025-09-04 10:51:33 +0000 chunk=\"63de00ffe3492d20379a6303480fad2d\" error_class=Errno::ENOENT error=\"No such file or directory - fstat\""}
{"retry_times":2,"next_retry_time":"2025-09-04 10:51:33 +0000","chunk":"63de01098a9d06371e358e1fbdd8405f","error":"#<Errno::ENOENT: No such file or directory - fstat>","message":"failed to flush the buffer. retry_times=2 next_retry_time=2025-09-04 10:51:33 +0000 chunk=\"63de01098a9d06371e358e1fbdd8405f\" error_class=Errno::ENOENT error=\"No such file or directory - fstat\""}
{"retry_times":2,"next_retry_time":"2025-09-04 10:51:34 +0000","chunk":"63de0112146bf9427254cca6ee95f95c","error":"#<Errno::ENOENT: No such file or directory - fstat>","message":"failed to flush the buffer. retry_times=2 next_retry_time=2025-09-04 10:51:34 +0000 chunk=\"63de0112146bf9427254cca6ee95f95c\" error_class=Errno::ENOENT error=\"No such file or directory - fstat\""}
{"retry_times":3,"next_retry_time":"2025-09-04 10:51:40 +0000","chunk":"63de00ffe3492d20379a6303480fad2d","error":"#<Errno::ENOENT: No such file or directory - fstat>","message":"failed to flush the buffer. retry_times=3 next_retry_time=2025-09-04 10:51:40 +0000 chunk=\"63de00ffe3492d20379a6303480fad2d\" error_class=Errno::ENOENT error=\"No such file or directory - fstat\""}
{"retry_times":3,"next_retry_time":"2025-09-04 10:51:41 +0000","chunk":"63de01098a9d06371e358e1fbdd8405f","error":"#<Errno::ENOENT: No such file or directory - fstat>","message":"failed to flush the buffer. retry_times=3 next_retry_time=2025-09-04 10:51:41 +0000 chunk=\"63de01098a9d06371e358e1fbdd8405f\" error_class=Errno::ENOENT error=\"No such file or directory - fstat\""}
{"retry_times":3,"next_retry_time":"2025-09-04 10:51:41 +0000","chunk":"63de0112146bf9427254cca6ee95f95c","error":"#<Errno::ENOENT: No such file or directory - fstat>","message":"failed to flush the buffer. retry_times=3 next_retry_time=2025-09-04 10:51:41 +0000 chunk=\"63de0112146bf9427254cca6ee95f95c\" error_class=Errno::ENOENT error=\"No such file or directory - fstat\""}
{"retry_times":4,"next_retry_time":"2025-09-04 10:51:57 +0000","chunk":"63de00ffe3492d20379a6303480fad2d","error":"#<Errno::ENOENT: No such file or directory - fstat>","message":"failed to flush the buffer. retry_times=4 next_retry_time=2025-09-04 10:51:57 +0000 chunk=\"63de00ffe3492d20379a6303480fad2d\" error_class=Errno::ENOENT error=\"No such file or directory - fstat\""}
{"retry_times":4,"next_retry_time":"2025-09-04 10:51:56 +0000","chunk":"63de0112146bf9427254cca6ee95f95c","error":"#<Errno::ENOENT: No such file or directory - fstat>","message":"failed to flush the buffer. retry_times=4 next_retry_time=2025-09-04 10:51:56 +0000 chunk=\"63de0112146bf9427254cca6ee95f95c\" error_class=Errno::ENOENT error=\"No such file or directory - fstat\""}
{"retry_times":4,"next_retry_time":"2025-09-04 10:51:56 +0000","chunk":"63de01098a9d06371e358e1fbdd8405f","error":"#<Errno::ENOENT: No such file or directory - fstat>","message":"failed to flush the buffer. retry_times=4 next_retry_time=2025-09-04 10:51:56 +0000 chunk=\"63de01098a9d06371e358e1fbdd8405f\" error_class=Errno::ENOENT error=\"No such file or directory - fstat\""}
{"retry_times":5,"next_retry_time":"2025-09-04 10:52:28 +0000","chunk":"63de0112146bf9427254cca6ee95f95c","error":"#<Errno::ENOENT: No such file or directory - fstat>","message":"failed to flush the buffer. retry_times=5 next_retry_time=2025-09-04 10:52:28 +0000 chunk=\"63de0112146bf9427254cca6ee95f95c\" error_class=Errno::ENOENT error=\"No such file or directory - fstat\""}
{"retry_times":5,"next_retry_time":"2025-09-04 10:52:26 +0000","chunk":"63de01098a9d06371e358e1fbdd8405f","error":"#<Errno::ENOENT: No such file or directory - fstat>","message":"failed to flush the buffer. retry_times=5 next_retry_time=2025-09-04 10:52:26 +0000 chunk=\"63de01098a9d06371e358e1fbdd8405f\" error_class=Errno::ENOENT error=\"No such file or directory - fstat\""}
{"retry_times":5,"next_retry_time":"2025-09-04 10:52:32 +0000","chunk":"63de00ffe3492d20379a6303480fad2d","error":"#<Errno::ENOENT: No such file or directory - fstat>","message":"failed to flush the buffer. retry_times=5 next_retry_time=2025-09-04 10:52:32 +0000 chunk=\"63de00ffe3492d20379a6303480fad2d\" error_class=Errno::ENOENT error=\"No such file or directory - fstat\""}
{"retry_times":6,"next_retry_time":"2025-09-04 10:53:32 +0000","chunk":"63de01098a9d06371e358e1fbdd8405f","error":"#<Errno::ENOENT: No such file or directory - fstat>","message":"failed to flush the buffer. retry_times=6 next_retry_time=2025-09-04 10:53:32 +0000 chunk=\"63de01098a9d06371e358e1fbdd8405f\" error_class=Errno::ENOENT error=\"No such file or directory - fstat\""}
{"retry_times":6,"next_retry_time":"2025-09-04 10:53:38 +0000","chunk":"63de0112146bf9427254cca6ee95f95c","error":"#<Errno::ENOENT: No such file or directory - fstat>","message":"failed to flush the buffer. retry_times=6 next_retry_time=2025-09-04 10:53:38 +0000 chunk=\"63de0112146bf9427254cca6ee95f95c\" error_class=Errno::ENOENT error=\"No such file or directory - fstat\""}
{"retry_times":6,"next_retry_time":"2025-09-04 10:53:30 +0000","chunk":"63de00ffe3492d20379a6303480fad2d","error":"#<Errno::ENOENT: No such file or directory - fstat>","message":"failed to flush the buffer. retry_times=6 next_retry_time=2025-09-04 10:53:30 +0000 chunk=\"63de00ffe3492d20379a6303480fad2d\" error_class=Errno::ENOENT error=\"No such file or directory - fstat\""}
{"retry_times":7,"next_retry_time":"2025-09-04 10:55:28 +0000","chunk":"63de00ffe3492d20379a6303480fad2d","error":"#<Errno::ENOENT: No such file or directory - fstat>","message":"failed to flush the buffer. retry_times=7 next_retry_time=2025-09-04 10:55:28 +0000 chunk=\"63de00ffe3492d20379a6303480fad2d\" error_class=Errno::ENOENT error=\"No such file or directory - fstat\""}
{"retry_times":7,"next_retry_time":"2025-09-04 10:55:42 +0000","chunk":"63de01098a9d06371e358e1fbdd8405f","error":"#<Errno::ENOENT: No such file or directory - fstat>","message":"failed to flush the buffer. retry_times=7 next_retry_time=2025-09-04 10:55:42 +0000 chunk=\"63de01098a9d06371e358e1fbdd8405f\" error_class=Errno::ENOENT error=\"No such file or directory - fstat\""}
{"retry_times":7,"next_retry_time":"2025-09-04 10:55:45 +0000","chunk":"63de0112146bf9427254cca6ee95f95c","error":"#<Errno::ENOENT: No such file or directory - fstat>","message":"failed to flush the buffer. retry_times=7 next_retry_time=2025-09-04 10:55:45 +0000 chunk=\"63de0112146bf9427254cca6ee95f95c\" error_class=Errno::ENOENT error=\"No such file or directory - fstat\""}
{"retry_times":8,"next_retry_time":"2025-09-04 11:00:04 +0000","chunk":"63de00ffe3492d20379a6303480fad2d","error":"#<Errno::ENOENT: No such file or directory - fstat>","message":"failed to flush the buffer. retry_times=8 next_retry_time=2025-09-04 11:00:04 +0000 chunk=\"63de00ffe3492d20379a6303480fad2d\" error_class=Errno::ENOENT error=\"No such file or directory - fstat\""}
{"retry_times":8,"next_retry_time":"2025-09-04 10:59:43 +0000","chunk":"63de01098a9d06371e358e1fbdd8405f","error":"#<Errno::ENOENT: No such file or directory - fstat>","message":"failed to flush the buffer. retry_times=8 next_retry_time=2025-09-04 10:59:43 +0000 chunk=\"63de01098a9d06371e358e1fbdd8405f\" error_class=Errno::ENOENT error=\"No such file or directory - fstat\""}
{"retry_times":8,"next_retry_time":"2025-09-04 11:00:27 +0000","chunk":"63de0112146bf9427254cca6ee95f95c","error":"#<Errno::ENOENT: No such file or directory - fstat>","message":"failed to flush the buffer. retry_times=8 next_retry_time=2025-09-04 11:00:27 +0000 chunk=\"63de0112146bf9427254cca6ee95f95c\" error_class=Errno::ENOENT error=\"No such file or directory - fstat\""}
{"retry_times":9,"next_retry_time":"2025-09-04 11:09:00 +0000","chunk":"63de01098a9d06371e358e1fbdd8405f","error":"#<Errno::ENOENT: No such file or directory - fstat>","message":"failed to flush the buffer. retry_times=9 next_retry_time=2025-09-04 11:09:00 +0000 chunk=\"63de01098a9d06371e358e1fbdd8405f\" error_class=Errno::ENOENT error=\"No such file or directory - fstat\""}
{"retry_times":9,"next_retry_time":"2025-09-04 11:09:13 +0000","chunk":"63de00ffe3492d20379a6303480fad2d","error":"#<Errno::ENOENT: No such file or directory - fstat>","message":"failed to flush the buffer. retry_times=9 next_retry_time=2025-09-04 11:09:13 +0000 chunk=\"63de00ffe3492d20379a6303480fad2d\" error_class=Errno::ENOENT error=\"No such file or directory - fstat\""}
{"retry_times":9,"next_retry_time":"2025-09-04 11:08:57 +0000","chunk":"63de0112146bf9427254cca6ee95f95c","error":"#<Errno::ENOENT: No such file or directory - fstat>","message":"failed to flush the buffer. retry_times=9 next_retry_time=2025-09-04 11:08:57 +0000 chunk=\"63de0112146bf9427254cca6ee95f95c\" error_class=Errno::ENOENT error=\"No such file or directory - fstat\""}
{"worker":0,"message":"fluentd worker is now stopping worker=0"}
{"message":"section <parse> is not used in <filter rabbitmq-service.**> of record_transformer plugin"}
{"message":"section <parse> is not used in <filter web-service.**> of record_transformer plugin"}
{"message":"section <record> is not used in <match web-service.**> of file plugin"}
{"pid":16,"ppid":7,"worker":0,"message":"starting fluentd worker pid=16 ppid=7 worker=0"}
{"port":24224,"bind":"0.0.0.0","message":"listening port port=24224 bind=\"0.0.0.0\""}
{"worker":0,"message":"fluentd worker is now running worker=0"}
{"chunk_id":"63de00ffe3492d20379a6303480fad2d","error_class":"Errno::ENOENT","error":"#<Errno::ENOENT: No such file or directory @ apply2files - /fluentd/log/all/all/buffer.q63de00ffe3492d20379a6303480fad2d.log.meta>","message":"failed to purge buffer chunk chunk_id=\"63de00ffe3492d20379a6303480fad2d\" error_class=Errno::ENOENT error=#<Errno::ENOENT: No such file or directory @ apply2files - /fluentd/log/all/all/buffer.q63de00ffe3492d20379a6303480fad2d.log.meta>"}
{"chunk_id":"63de0112146bf9427254cca6ee95f95c","error_class":"Errno::ENOENT","error":"#<Errno::ENOENT: No such file or directory @ apply2files - /fluentd/log/web/web-service/buffer.q63de0112146bf9427254cca6ee95f95c.log.meta>","message":"failed to purge buffer chunk chunk_id=\"63de0112146bf9427254cca6ee95f95c\" error_class=Errno::ENOENT error=#<Errno::ENOENT: No such file or directory @ apply2files - /fluentd/log/web/web-service/buffer.q63de0112146bf9427254cca6ee95f95c.log.meta>"}
{"chunk_id":"63de01098a9d06371e358e1fbdd8405f","error_class":"Errno::ENOENT","error":"#<Errno::ENOENT: No such file or directory @ apply2files - /fluentd/log/rmq/rabbitmq/buffer.q63de01098a9d06371e358e1fbdd8405f.log.meta>","message":"failed to purge buffer chunk chunk_id=\"63de01098a9d06371e358e1fbdd8405f\" error_class=Errno::ENOENT error=#<Errno::ENOENT: No such file or directory @ apply2files - /fluentd/log/rmq/rabbitmq/buffer.q63de01098a9d06371e358e1fbdd8405f.log.meta>"}
{"worker":0,"message":"fluentd worker is now stopping worker=0"}
{"message":"section <parse> is not used in <filter rabbitmq-service.**> of record_transformer plugin"}
{"message":"section <parse> is not used in <filter web-service.**> of record_transformer plugin"}
{"message":"section <record> is not used in <match web-service.**> of file plugin"}
{"pid":16,"ppid":7,"worker":0,"message":"starting fluentd worker pid=16 ppid=7 worker=0"}
{"port":24224,"bind":"0.0.0.0","message":"listening port port=24224 bind=\"0.0.0.0\""}
{"worker":0,"message":"fluentd worker is now running worker=0"}
{"worker":0,"message":"fluentd worker is now stopping worker=0"}
{"message":"section <parse> is not used in <filter rabbitmq-service.**> of record_transformer plugin"}
{"message":"section <parse> is not used in <filter web-service.**> of record_transformer plugin"}
{"message":"section <record> is not used in <match web-service.**> of file plugin"}
{"pid":16,"ppid":7,"worker":0,"message":"starting fluentd worker pid=16 ppid=7 worker=0"}
{"port":24224,"bind":"0.0.0.0","message":"listening port port=24224 bind=\"0.0.0.0\""}
{"worker":0,"message":"fluentd worker is now running worker=0"}
{"worker":0,"message":"fluentd worker is now stopping worker=0"}
{"message":"section <parse> is not used in <filter rabbitmq-service.**> of record_transformer plugin"}
{"message":"section <parse> is not used in <filter web-service.**> of record_transformer plugin"}
{"message":"section <record> is not used in <match web-service.**> of file plugin"}
{"pid":16,"ppid":7,"worker":0,"message":"starting fluentd worker pid=16 ppid=7 worker=0"}
{"error":"#<RuntimeError: can't enqueue buffer file: path = /fluentd/log/all/all/buffer.b63df780b487452f1863efd7d4a6e5a4a.log, error = 'No such file or directory @ rb_sysopen - /fluentd/log/all/all/buffer.q63df780b487452f1863efd7d4a6e5a4a.log'>","message":"unexpected error while checking flushed chunks. ignored. error_class=RuntimeError error=\"can't enqueue buffer file: path = /fluentd/log/all/all/buffer.b63df780b487452f1863efd7d4a6e5a4a.log, error = 'No such file or directory @ rb_sysopen - /fluentd/log/all/all/buffer.q63df780b487452f1863efd7d4a6e5a4a.log'\""}
{"error":"#<RuntimeError: can't enqueue buffer file: path = /fluentd/log/web/web-service/buffer.b63df78265795486f74cf1596e775a4f7.log, error = 'No such file or directory @ rb_sysopen - /fluentd/log/web/web-service/buffer.q63df78265795486f74cf1596e775a4f7.log'>","message":"unexpected error while checking flushed chunks. ignored. error_class=RuntimeError error=\"can't enqueue buffer file: path = /fluentd/log/web/web-service/buffer.b63df78265795486f74cf1596e775a4f7.log, error = 'No such file or directory @ rb_sysopen - /fluentd/log/web/web-service/buffer.q63df78265795486f74cf1596e775a4f7.log'\""}
{"port":24224,"bind":"0.0.0.0","message":"listening port port=24224 bind=\"0.0.0.0\""}
{"worker":0,"message":"fluentd worker is now running worker=0"}
{"error":"#<RuntimeError: can't enqueue buffer file: path = /fluentd/log/rmq/rabbitmq/buffer.b63df78188770f95fc0b661d7e54945c1.log, error = 'No such file or directory @ rb_sysopen - /fluentd/log/rmq/rabbitmq/buffer.q63df78188770f95fc0b661d7e54945c1.log'>","message":"unexpected error while checking flushed chunks. ignored. error_class=RuntimeError error=\"can't enqueue buffer file: path = /fluentd/log/rmq/rabbitmq/buffer.b63df78188770f95fc0b661d7e54945c1.log, error = 'No such file or directory @ rb_sysopen - /fluentd/log/rmq/rabbitmq/buffer.q63df78188770f95fc0b661d7e54945c1.log'\""}
{"retry_times":0,"next_retry_time":"2025-09-05 16:11:55 +0000","chunk":"63df780b487452f1863efd7d4a6e5a4a","error":"#<Errno::ENOENT: No such file or directory - fstat>","message":"failed to flush the buffer. retry_times=0 next_retry_time=2025-09-05 16:11:55 +0000 chunk=\"63df780b487452f1863efd7d4a6e5a4a\" error_class=Errno::ENOENT error=\"No such file or directory - fstat\""}
{"retry_times":0,"next_retry_time":"2025-09-05 16:11:56 +0000","chunk":"63df78265795486f74cf1596e775a4f7","error":"#<Errno::ENOENT: No such file or directory - fstat>","message":"failed to flush the buffer. retry_times=0 next_retry_time=2025-09-05 16:11:56 +0000 chunk=\"63df78265795486f74cf1596e775a4f7\" error_class=Errno::ENOENT error=\"No such file or directory - fstat\""}
{"retry_times":0,"next_retry_time":"2025-09-05 16:11:56 +0000","chunk":"63df78188770f95fc0b661d7e54945c1","error":"#<Errno::ENOENT: No such file or directory - fstat>","message":"failed to flush the buffer. retry_times=0 next_retry_time=2025-09-05 16:11:56 +0000 chunk=\"63df78188770f95fc0b661d7e54945c1\" error_class=Errno::ENOENT error=\"No such file or directory - fstat\""}
{"retry_times":1,"next_retry_time":"2025-09-05 16:11:57 +0000","chunk":"63df780b487452f1863efd7d4a6e5a4a","error":"#<Errno::ENOENT: No such file or directory - fstat>","message":"failed to flush the buffer. retry_times=1 next_retry_time=2025-09-05 16:11:57 +0000 chunk=\"63df780b487452f1863efd7d4a6e5a4a\" error_class=Errno::ENOENT error=\"No such file or directory - fstat\""}
{"retry_times":1,"next_retry_time":"2025-09-05 16:11:58 +0000","chunk":"63df78265795486f74cf1596e775a4f7","error":"#<Errno::ENOENT: No such file or directory - fstat>","message":"failed to flush the buffer. retry_times=1 next_retry_time=2025-09-05 16:11:58 +0000 chunk=\"63df78265795486f74cf1596e775a4f7\" error_class=Errno::ENOENT error=\"No such file or directory - fstat\""}
{"retry_times":1,"next_retry_time":"2025-09-05 16:11:58 +0000","chunk":"63df78188770f95fc0b661d7e54945c1","error":"#<Errno::ENOENT: No such file or directory - fstat>","message":"failed to flush the buffer. retry_times=1 next_retry_time=2025-09-05 16:11:58 +0000 chunk=\"63df78188770f95fc0b661d7e54945c1\" error_class=Errno::ENOENT error=\"No such file or directory - fstat\""}
{"retry_times":2,"next_retry_time":"2025-09-05 16:12:02 +0000","chunk":"63df780b487452f1863efd7d4a6e5a4a","error":"#<Errno::ENOENT: No such file or directory - fstat>","message":"failed to flush the buffer. retry_times=2 next_retry_time=2025-09-05 16:12:02 +0000 chunk=\"63df780b487452f1863efd7d4a6e5a4a\" error_class=Errno::ENOENT error=\"No such file or directory - fstat\""}
{"retry_times":2,"next_retry_time":"2025-09-05 16:12:02 +0000","chunk":"63df78265795486f74cf1596e775a4f7","error":"#<Errno::ENOENT: No such file or directory - fstat>","message":"failed to flush the buffer. retry_times=2 next_retry_time=2025-09-05 16:12:02 +0000 chunk=\"63df78265795486f74cf1596e775a4f7\" error_class=Errno::ENOENT error=\"No such file or directory - fstat\""}
{"retry_times":2,"next_retry_time":"2025-09-05 16:12:02 +0000","chunk":"63df78188770f95fc0b661d7e54945c1","error":"#<Errno::ENOENT: No such file or directory - fstat>","message":"failed to flush the buffer. retry_times=2 next_retry_time=2025-09-05 16:12:02 +0000 chunk=\"63df78188770f95fc0b661d7e54945c1\" error_class=Errno::ENOENT error=\"No such file or directory - fstat\""}
{"retry_times":3,"next_retry_time":"2025-09-05 16:12:11 +0000","chunk":"63df780b487452f1863efd7d4a6e5a4a","error":"#<Errno::ENOENT: No such file or directory - fstat>","message":"failed to flush the buffer. retry_times=3 next_retry_time=2025-09-05 16:12:11 +0000 chunk=\"63df780b487452f1863efd7d4a6e5a4a\" error_class=Errno::ENOENT error=\"No such file or directory - fstat\""}
{"retry_times":3,"next_retry_time":"2025-09-05 16:12:10 +0000","chunk":"63df78188770f95fc0b661d7e54945c1","error":"#<Errno::ENOENT: No such file or directory - fstat>","message":"failed to flush the buffer. retry_times=3 next_retry_time=2025-09-05 16:12:10 +0000 chunk=\"63df78188770f95fc0b661d7e54945c1\" error_class=Errno::ENOENT error=\"No such file or directory - fstat\""}
{"retry_times":3,"next_retry_time":"2025-09-05 16:12:11 +0000","chunk":"63df78265795486f74cf1596e775a4f7","error":"#<Errno::ENOENT: No such file or directory - fstat>","message":"failed to flush the buffer. retry_times=3 next_retry_time=2025-09-05 16:12:11 +0000 chunk=\"63df78265795486f74cf1596e775a4f7\" error_class=Errno::ENOENT error=\"No such file or directory - fstat\""}
{"retry_times":4,"next_retry_time":"2025-09-05 16:12:25 +0000","chunk":"63df78188770f95fc0b661d7e54945c1","error":"#<Errno::ENOENT: No such file or directory - fstat>","message":"failed to flush the buffer. retry_times=4 next_retry_time=2025-09-05 16:12:25 +0000 chunk=\"63df78188770f95fc0b661d7e54945c1\" error_class=Errno::ENOENT error=\"No such file or directory - fstat\""}
{"retry_times":4,"next_retry_time":"2025-09-05 16:12:25 +0000","chunk":"63df780b487452f1863efd7d4a6e5a4a","error":"#<Errno::ENOENT: No such file or directory - fstat>","message":"failed to flush the buffer. retry_times=4 next_retry_time=2025-09-05 16:12:25 +0000 chunk=\"63df780b487452f1863efd7d4a6e5a4a\" error_class=Errno::ENOENT error=\"No such file or directory - fstat\""}
{"retry_times":4,"next_retry_time":"2025-09-05 16:12:26 +0000","chunk":"63df78265795486f74cf1596e775a4f7","error":"#<Errno::ENOENT: No such file or directory - fstat>","message":"failed to flush the buffer. retry_times=4 next_retry_time=2025-09-05 16:12:26 +0000 chunk=\"63df78265795486f74cf1596e775a4f7\" error_class=Errno::ENOENT error=\"No such file or directory - fstat\""}
{"retry_times":5,"next_retry_time":"2025-09-05 16:12:53 +0000","chunk":"63df78188770f95fc0b661d7e54945c1","error":"#<Errno::ENOENT: No such file or directory - fstat>","message":"failed to flush the buffer. retry_times=5 next_retry_time=2025-09-05 16:12:53 +0000 chunk=\"63df78188770f95fc0b661d7e54945c1\" error_class=Errno::ENOENT error=\"No such file or directory - fstat\""}
{"retry_times":5,"next_retry_time":"2025-09-05 16:12:54 +0000","chunk":"63df780b487452f1863efd7d4a6e5a4a","error":"#<Errno::ENOENT: No such file or directory - fstat>","message":"failed to flush the buffer. retry_times=5 next_retry_time=2025-09-05 16:12:54 +0000 chunk=\"63df780b487452f1863efd7d4a6e5a4a\" error_class=Errno::ENOENT error=\"No such file or directory - fstat\""}
{"retry_times":5,"next_retry_time":"2025-09-05 16:12:59 +0000","chunk":"63df78265795486f74cf1596e775a4f7","error":"#<Errno::ENOENT: No such file or directory - fstat>","message":"failed to flush the buffer. retry_times=5 next_retry_time=2025-09-05 16:12:59 +0000 chunk=\"63df78265795486f74cf1596e775a4f7\" error_class=Errno::ENOENT error=\"No such file or directory - fstat\""}
{"retry_times":6,"next_retry_time":"2025-09-05 16:13:50 +0000","chunk":"63df78188770f95fc0b661d7e54945c1","error":"#<Errno::ENOENT: No such file or directory - fstat>","message":"failed to flush the buffer. retry_times=6 next_retry_time=2025-09-05 16:13:50 +0000 chunk=\"63df78188770f95fc0b661d7e54945c1\" error_class=Errno::ENOENT error=\"No such file or directory - fstat\""}
{"retry_times":6,"next_retry_time":"2025-09-05 16:13:56 +0000","chunk":"63df780b487452f1863efd7d4a6e5a4a","error":"#<Errno::ENOENT: No such file or directory - fstat>","message":"failed to flush the buffer. retry_times=6 next_retry_time=2025-09-05 16:13:56 +0000 chunk=\"63df780b487452f1863efd7d4a6e5a4a\" error_class=Errno::ENOENT error=\"No such file or directory - fstat\""}
{"retry_times":6,"next_retry_time":"2025-09-05 16:13:55 +0000","chunk":"63df78265795486f74cf1596e775a4f7","error":"#<Errno::ENOENT: No such file or directory - fstat>","message":"failed to flush the buffer. retry_times=6 next_retry_time=2025-09-05 16:13:55 +0000 chunk=\"63df78265795486f74cf1596e775a4f7\" error_class=Errno::ENOENT error=\"No such file or directory - fstat\""}
{"retry_times":7,"next_retry_time":"2025-09-05 16:16:12 +0000","chunk":"63df78188770f95fc0b661d7e54945c1","error":"#<Errno::ENOENT: No such file or directory - fstat>","message":"failed to flush the buffer. retry_times=7 next_retry_time=2025-09-05 16:16:12 +0000 chunk=\"63df78188770f95fc0b661d7e54945c1\" error_class=Errno::ENOENT error=\"No such file or directory - fstat\""}
{"retry_times":7,"next_retry_time":"2025-09-05 16:16:09 +0000","chunk":"63df78265795486f74cf1596e775a4f7","error":"#<Errno::ENOENT: No such file or directory - fstat>","message":"failed to flush the buffer. retry_times=7 next_retry_time=2025-09-05 16:16:09 +0000 chunk=\"63df78265795486f74cf1596e775a4f7\" error_class=Errno::ENOENT error=\"No such file or directory - fstat\""}
{"retry_times":7,"next_retry_time":"2025-09-05 16:16:02 +0000","chunk":"63df780b487452f1863efd7d4a6e5a4a","error":"#<Errno::ENOENT: No such file or directory - fstat>","message":"failed to flush the buffer. retry_times=7 next_retry_time=2025-09-05 16:16:02 +0000 chunk=\"63df780b487452f1863efd7d4a6e5a4a\" error_class=Errno::ENOENT error=\"No such file or directory - fstat\""}
{"retry_times":8,"next_retry_time":"2025-09-05 16:20:11 +0000","chunk":"63df780b487452f1863efd7d4a6e5a4a","error":"#<Errno::ENOENT: No such file or directory - fstat>","message":"failed to flush the buffer. retry_times=8 next_retry_time=2025-09-05 16:20:11 +0000 chunk=\"63df780b487452f1863efd7d4a6e5a4a\" error_class=Errno::ENOENT error=\"No such file or directory - fstat\""}
{"retry_times":8,"next_retry_time":"2025-09-05 16:20:33 +0000","chunk":"63df78265795486f74cf1596e775a4f7","error":"#<Errno::ENOENT: No such file or directory - fstat>","message":"failed to flush the buffer. retry_times=8 next_retry_time=2025-09-05 16:20:33 +0000 chunk=\"63df78265795486f74cf1596e775a4f7\" error_class=Errno::ENOENT error=\"No such file or directory - fstat\""}
{"retry_times":8,"next_retry_time":"2025-09-05 16:20:37 +0000","chunk":"63df78188770f95fc0b661d7e54945c1","error":"#<Errno::ENOENT: No such file or directory - fstat>","message":"failed to flush the buffer. retry_times=8 next_retry_time=2025-09-05 16:20:37 +0000 chunk=\"63df78188770f95fc0b661d7e54945c1\" error_class=Errno::ENOENT error=\"No such file or directory - fstat\""}
{"retry_times":9,"next_retry_time":"2025-09-05 16:29:16 +0000","chunk":"63df780b487452f1863efd7d4a6e5a4a","error":"#<Errno::ENOENT: No such file or directory - fstat>","message":"failed to flush the buffer. retry_times=9 next_retry_time=2025-09-05 16:29:16 +0000 chunk=\"63df780b487452f1863efd7d4a6e5a4a\" error_class=Errno::ENOENT error=\"No such file or directory - fstat\""}
{"retry_times":9,"next_retry_time":"2025-09-05 16:28:48 +0000","chunk":"63df78265795486f74cf1596e775a4f7","error":"#<Errno::ENOENT: No such file or directory - fstat>","message":"failed to flush the buffer. retry_times=9 next_retry_time=2025-09-05 16:28:48 +0000 chunk=\"63df78265795486f74cf1596e775a4f7\" error_class=Errno::ENOENT error=\"No such file or directory - fstat\""}
{"retry_times":9,"next_retry_time":"2025-09-05 16:28:26 +0000","chunk":"63df78188770f95fc0b661d7e54945c1","error":"#<Errno::ENOENT: No such file or directory - fstat>","message":"failed to flush the buffer. retry_times=9 next_retry_time=2025-09-05 16:28:26 +0000 chunk=\"63df78188770f95fc0b661d7e54945c1\" error_class=Errno::ENOENT error=\"No such file or directory - fstat\""}
{"retry_times":10,"next_retry_time":"2025-09-05 16:44:48 +0000","chunk":"63df78188770f95fc0b661d7e54945c1","error":"#<Errno::ENOENT: No such file or directory - fstat>","message":"failed to flush the buffer. retry_times=10 next_retry_time=2025-09-05 16:44:48 +0000 chunk=\"63df78188770f95fc0b661d7e54945c1\" error_class=Errno::ENOENT error=\"No such file or directory - fstat\""}
{"retry_times":10,"next_retry_time":"2025-09-05 16:47:17 +0000","chunk":"63df78265795486f74cf1596e775a4f7","error":"#<Errno::ENOENT: No such file or directory - fstat>","message":"failed to flush the buffer. retry_times=10 next_retry_time=2025-09-05 16:47:17 +0000 chunk=\"63df78265795486f74cf1596e775a4f7\" error_class=Errno::ENOENT error=\"No such file or directory - fstat\""}
{"retry_times":10,"next_retry_time":"2025-09-05 16:44:34 +0000","chunk":"63df780b487452f1863efd7d4a6e5a4a","error":"#<Errno::ENOENT: No such file or directory - fstat>","message":"failed to flush the buffer. retry_times=10 next_retry_time=2025-09-05 16:44:34 +0000 chunk=\"63df780b487452f1863efd7d4a6e5a4a\" error_class=Errno::ENOENT error=\"No such file or directory - fstat\""}
{"worker":0,"message":"fluentd worker is now stopping worker=0"}
{"message":"section <parse> is not used in <filter rabbitmq-service.**> of record_transformer plugin"}
{"message":"section <parse> is not used in <filter web-service.**> of record_transformer plugin"}
{"message":"section <record> is not used in <match web-service.**> of file plugin"}
{"pid":16,"ppid":7,"worker":0,"message":"starting fluentd worker pid=16 ppid=7 worker=0"}
{"port":24224,"bind":"0.0.0.0","message":"listening port port=24224 bind=\"0.0.0.0\""}
{"worker":0,"message":"fluentd worker is now running worker=0"}
{"chunk_id":"63df780b487452f1863efd7d4a6e5a4a","error_class":"Errno::ENOENT","error":"#<Errno::ENOENT: No such file or directory @ apply2files - /fluentd/log/all/all/buffer.q63df780b487452f1863efd7d4a6e5a4a.log.meta>","message":"failed to purge buffer chunk chunk_id=\"63df780b487452f1863efd7d4a6e5a4a\" error_class=Errno::ENOENT error=#<Errno::ENOENT: No such file or directory @ apply2files - /fluentd/log/all/all/buffer.q63df780b487452f1863efd7d4a6e5a4a.log.meta>"}
{"chunk_id":"63df78265795486f74cf1596e775a4f7","error_class":"Errno::ENOENT","error":"#<Errno::ENOENT: No such file or directory @ apply2files - /fluentd/log/web/web-service/buffer.q63df78265795486f74cf1596e775a4f7.log.meta>","message":"failed to purge buffer chunk chunk_id=\"63df78265795486f74cf1596e775a4f7\" error_class=Errno::ENOENT error=#<Errno::ENOENT: No such file or directory @ apply2files - /fluentd/log/web/web-service/buffer.q63df78265795486f74cf1596e775a4f7.log.meta>"}
{"chunk_id":"63df78188770f95fc0b661d7e54945c1","error_class":"Errno::ENOENT","error":"#<Errno::ENOENT: No such file or directory @ apply2files - /fluentd/log/rmq/rabbitmq/buffer.q63df78188770f95fc0b661d7e54945c1.log.meta>","message":"failed to purge buffer chunk chunk_id=\"63df78188770f95fc0b661d7e54945c1\" error_class=Errno::ENOENT error=#<Errno::ENOENT: No such file or directory @ apply2files - /fluentd/log/rmq/rabbitmq/buffer.q63df78188770f95fc0b661d7e54945c1.log.meta>"}
{"worker":0,"message":"fluentd worker is now stopping worker=0"}
{"message":"section <parse> is not used in <filter rabbitmq-service.**> of record_transformer plugin"}
{"message":"section <parse> is not used in <filter web-service.**> of record_transformer plugin"}
{"message":"section <record> is not used in <match web-service.**> of file plugin"}
{"pid":16,"ppid":7,"worker":0,"message":"starting fluentd worker pid=16 ppid=7 worker=0"}
{"error":"#<RuntimeError: can't enqueue buffer file: path = /fluentd/log/all/all/buffer.b63e1018a76c6ee9533099761f5781682.log, error = 'No such file or directory @ rb_sysopen - /fluentd/log/all/all/buffer.q63e1018a76c6ee9533099761f5781682.log'>","message":"unexpected error while checking flushed chunks. ignored. error_class=RuntimeError error=\"can't enqueue buffer file: path = /fluentd/log/all/all/buffer.b63e1018a76c6ee9533099761f5781682.log, error = 'No such file or directory @ rb_sysopen - /fluentd/log/all/all/buffer.q63e1018a76c6ee9533099761f5781682.log'\""}
{"error":"#<RuntimeError: can't enqueue buffer file: path = /fluentd/log/web/web-service/buffer.b63e1019d480be69643bcc50177dccd6a.log, error = 'No such file or directory @ rb_sysopen - /fluentd/log/web/web-service/buffer.q63e1019d480be69643bcc50177dccd6a.log'>","message":"unexpected error while checking flushed chunks. ignored. error_class=RuntimeError error=\"can't enqueue buffer file: path = /fluentd/log/web/web-service/buffer.b63e1019d480be69643bcc50177dccd6a.log, error = 'No such file or directory @ rb_sysopen - /fluentd/log/web/web-service/buffer.q63e1019d480be69643bcc50177dccd6a.log'\""}
{"port":24224,"bind":"0.0.0.0","message":"listening port port=24224 bind=\"0.0.0.0\""}
{"worker":0,"message":"fluentd worker is now running worker=0"}
{"error":"#<RuntimeError: can't enqueue buffer file: path = /fluentd/log/rmq/rabbitmq/buffer.b63e1019439754987a2c589958a3fa32b.log, error = 'No such file or directory @ rb_sysopen - /fluentd/log/rmq/rabbitmq/buffer.q63e1019439754987a2c589958a3fa32b.log'>","message":"unexpected error while checking flushed chunks. ignored. error_class=RuntimeError error=\"can't enqueue buffer file: path = /fluentd/log/rmq/rabbitmq/buffer.b63e1019439754987a2c589958a3fa32b.log, error = 'No such file or directory @ rb_sysopen - /fluentd/log/rmq/rabbitmq/buffer.q63e1019439754987a2c589958a3fa32b.log'\""}
{"retry_times":0,"next_retry_time":"2025-09-06 22:43:23 +0000","chunk":"63e1018a76c6ee9533099761f5781682","error":"#<Errno::ENOENT: No such file or directory - fstat>","message":"failed to flush the buffer. retry_times=0 next_retry_time=2025-09-06 22:43:23 +0000 chunk=\"63e1018a76c6ee9533099761f5781682\" error_class=Errno::ENOENT error=\"No such file or directory - fstat\""}
{"retry_times":0,"next_retry_time":"2025-09-06 22:43:24 +0000","chunk":"63e1019d480be69643bcc50177dccd6a","error":"#<Errno::ENOENT: No such file or directory - fstat>","message":"failed to flush the buffer. retry_times=0 next_retry_time=2025-09-06 22:43:24 +0000 chunk=\"63e1019d480be69643bcc50177dccd6a\" error_class=Errno::ENOENT error=\"No such file or directory - fstat\""}
{"retry_times":0,"next_retry_time":"2025-09-06 22:43:24 +0000","chunk":"63e1019439754987a2c589958a3fa32b","error":"#<Errno::ENOENT: No such file or directory - fstat>","message":"failed to flush the buffer. retry_times=0 next_retry_time=2025-09-06 22:43:24 +0000 chunk=\"63e1019439754987a2c589958a3fa32b\" error_class=Errno::ENOENT error=\"No such file or directory - fstat\""}
{"retry_times":1,"next_retry_time":"2025-09-06 22:43:25 +0000","chunk":"63e1018a76c6ee9533099761f5781682","error":"#<Errno::ENOENT: No such file or directory - fstat>","message":"failed to flush the buffer. retry_times=1 next_retry_time=2025-09-06 22:43:25 +0000 chunk=\"63e1018a76c6ee9533099761f5781682\" error_class=Errno::ENOENT error=\"No such file or directory - fstat\""}
{"retry_times":1,"next_retry_time":"2025-09-06 22:43:26 +0000","chunk":"63e1019d480be69643bcc50177dccd6a","error":"#<Errno::ENOENT: No such file or directory - fstat>","message":"failed to flush the buffer. retry_times=1 next_retry_time=2025-09-06 22:43:26 +0000 chunk=\"63e1019d480be69643bcc50177dccd6a\" error_class=Errno::ENOENT error=\"No such file or directory - fstat\""}
{"retry_times":1,"next_retry_time":"2025-09-06 22:43:26 +0000","chunk":"63e1019439754987a2c589958a3fa32b","error":"#<Errno::ENOENT: No such file or directory - fstat>","message":"failed to flush the buffer. retry_times=1 next_retry_time=2025-09-06 22:43:26 +0000 chunk=\"63e1019439754987a2c589958a3fa32b\" error_class=Errno::ENOENT error=\"No such file or directory - fstat\""}
{"retry_times":2,"next_retry_time":"2025-09-06 22:43:29 +0000","chunk":"63e1018a76c6ee9533099761f5781682","error":"#<Errno::ENOENT: No such file or directory - fstat>","message":"failed to flush the buffer. retry_times=2 next_retry_time=2025-09-06 22:43:29 +0000 chunk=\"63e1018a76c6ee9533099761f5781682\" error_class=Errno::ENOENT error=\"No such file or directory - fstat\""}
{"retry_times":2,"next_retry_time":"2025-09-06 22:43:30 +0000","chunk":"63e1019d480be69643bcc50177dccd6a","error":"#<Errno::ENOENT: No such file or directory - fstat>","message":"failed to flush the buffer. retry_times=2 next_retry_time=2025-09-06 22:43:30 +0000 chunk=\"63e1019d480be69643bcc50177dccd6a\" error_class=Errno::ENOENT error=\"No such file or directory - fstat\""}
{"retry_times":2,"next_retry_time":"2025-09-06 22:43:30 +0000","chunk":"63e1019439754987a2c589958a3fa32b","error":"#<Errno::ENOENT: No such file or directory - fstat>","message":"failed to flush the buffer. retry_times=2 next_retry_time=2025-09-06 22:43:30 +0000 chunk=\"63e1019439754987a2c589958a3fa32b\" error_class=Errno::ENOENT error=\"No such file or directory - fstat\""}
{"retry_times":3,"next_retry_time":"2025-09-06 22:43:37 +0000","chunk":"63e1018a76c6ee9533099761f5781682","error":"#<Errno::ENOENT: No such file or directory - fstat>","message":"failed to flush the buffer. retry_times=3 next_retry_time=2025-09-06 22:43:37 +0000 chunk=\"63e1018a76c6ee9533099761f5781682\" error_class=Errno::ENOENT error=\"No such file or directory - fstat\""}
{"retry_times":3,"next_retry_time":"2025-09-06 22:43:38 +0000","chunk":"63e1019d480be69643bcc50177dccd6a","error":"#<Errno::ENOENT: No such file or directory - fstat>","message":"failed to flush the buffer. retry_times=3 next_retry_time=2025-09-06 22:43:38 +0000 chunk=\"63e1019d480be69643bcc50177dccd6a\" error_class=Errno::ENOENT error=\"No such file or directory - fstat\""}
{"retry_times":3,"next_retry_time":"2025-09-06 22:43:39 +0000","chunk":"63e1019439754987a2c589958a3fa32b","error":"#<Errno::ENOENT: No such file or directory - fstat>","message":"failed to flush the buffer. retry_times=3 next_retry_time=2025-09-06 22:43:39 +0000 chunk=\"63e1019439754987a2c589958a3fa32b\" error_class=Errno::ENOENT error=\"No such file or directory - fstat\""}
{"retry_times":4,"next_retry_time":"2025-09-06 22:43:54 +0000","chunk":"63e1018a76c6ee9533099761f5781682","error":"#<Errno::ENOENT: No such file or directory - fstat>","message":"failed to flush the buffer. retry_times=4 next_retry_time=2025-09-06 22:43:54 +0000 chunk=\"63e1018a76c6ee9533099761f5781682\" error_class=Errno::ENOENT error=\"No such file or directory - fstat\""}
{"retry_times":4,"next_retry_time":"2025-09-06 22:43:53 +0000","chunk":"63e1019d480be69643bcc50177dccd6a","error":"#<Errno::ENOENT: No such file or directory - fstat>","message":"failed to flush the buffer. retry_times=4 next_retry_time=2025-09-06 22:43:53 +0000 chunk=\"63e1019d480be69643bcc50177dccd6a\" error_class=Errno::ENOENT error=\"No such file or directory - fstat\""}
{"retry_times":4,"next_retry_time":"2025-09-06 22:43:55 +0000","chunk":"63e1019439754987a2c589958a3fa32b","error":"#<Errno::ENOENT: No such file or directory - fstat>","message":"failed to flush the buffer. retry_times=4 next_retry_time=2025-09-06 22:43:55 +0000 chunk=\"63e1019439754987a2c589958a3fa32b\" error_class=Errno::ENOENT error=\"No such file or directory - fstat\""}
{"retry_times":5,"next_retry_time":"2025-09-06 22:44:29 +0000","chunk":"63e1019d480be69643bcc50177dccd6a","error":"#<Errno::ENOENT: No such file or directory - fstat>","message":"failed to flush the buffer. retry_times=5 next_retry_time=2025-09-06 22:44:29 +0000 chunk=\"63e1019d480be69643bcc50177dccd6a\" error_class=Errno::ENOENT error=\"No such file or directory - fstat\""}
{"retry_times":5,"next_retry_time":"2025-09-06 22:44:28 +0000","chunk":"63e1018a76c6ee9533099761f5781682","error":"#<Errno::ENOENT: No such file or directory - fstat>","message":"failed to flush the buffer. retry_times=5 next_retry_time=2025-09-06 22:44:28 +0000 chunk=\"63e1018a76c6ee9533099761f5781682\" error_class=Errno::ENOENT error=\"No such file or directory - fstat\""}
{"retry_times":5,"next_retry_time":"2025-09-06 22:44:25 +0000","chunk":"63e1019439754987a2c589958a3fa32b","error":"#<Errno::ENOENT: No such file or directory - fstat>","message":"failed to flush the buffer. retry_times=5 next_retry_time=2025-09-06 22:44:25 +0000 chunk=\"63e1019439754987a2c589958a3fa32b\" error_class=Errno::ENOENT error=\"No such file or directory - fstat\""}
{"retry_times":6,"next_retry_time":"2025-09-06 22:45:31 +0000","chunk":"63e1019439754987a2c589958a3fa32b","error":"#<Errno::ENOENT: No such file or directory - fstat>","message":"failed to flush the buffer. retry_times=6 next_retry_time=2025-09-06 22:45:31 +0000 chunk=\"63e1019439754987a2c589958a3fa32b\" error_class=Errno::ENOENT error=\"No such file or directory - fstat\""}
{"retry_times":6,"next_retry_time":"2025-09-06 22:45:30 +0000","chunk":"63e1018a76c6ee9533099761f5781682","error":"#<Errno::ENOENT: No such file or directory - fstat>","message":"failed to flush the buffer. retry_times=6 next_retry_time=2025-09-06 22:45:30 +0000 chunk=\"63e1018a76c6ee9533099761f5781682\" error_class=Errno::ENOENT error=\"No such file or directory - fstat\""}
{"retry_times":6,"next_retry_time":"2025-09-06 22:45:36 +0000","chunk":"63e1019d480be69643bcc50177dccd6a","error":"#<Errno::ENOENT: No such file or directory - fstat>","message":"failed to flush the buffer. retry_times=6 next_retry_time=2025-09-06 22:45:36 +0000 chunk=\"63e1019d480be69643bcc50177dccd6a\" error_class=Errno::ENOENT error=\"No such file or directory - fstat\""}
{"retry_times":7,"next_retry_time":"2025-09-06 22:47:23 +0000","chunk":"63e1018a76c6ee9533099761f5781682","error":"#<Errno::ENOENT: No such file or directory - fstat>","message":"failed to flush the buffer. retry_times=7 next_retry_time=2025-09-06 22:47:23 +0000 chunk=\"63e1018a76c6ee9533099761f5781682\" error_class=Errno::ENOENT error=\"No such file or directory - fstat\""}
{"retry_times":7,"next_retry_time":"2025-09-06 22:47:40 +0000","chunk":"63e1019439754987a2c589958a3fa32b","error":"#<Errno::ENOENT: No such file or directory - fstat>","message":"failed to flush the buffer. retry_times=7 next_retry_time=2025-09-06 22:47:40 +0000 chunk=\"63e1019439754987a2c589958a3fa32b\" error_class=Errno::ENOENT error=\"No such file or directory - fstat\""}
{"retry_times":7,"next_retry_time":"2025-09-06 22:47:50 +0000","chunk":"63e1019d480be69643bcc50177dccd6a","error":"#<Errno::ENOENT: No such file or directory - fstat>","message":"failed to flush the buffer. retry_times=7 next_retry_time=2025-09-06 22:47:50 +0000 chunk=\"63e1019d480be69643bcc50177dccd6a\" error_class=Errno::ENOENT error=\"No such file or directory - fstat\""}
{"retry_times":8,"next_retry_time":"2025-09-06 22:51:34 +0000","chunk":"63e1018a76c6ee9533099761f5781682","error":"#<Errno::ENOENT: No such file or directory - fstat>","message":"failed to flush the buffer. retry_times=8 next_retry_time=2025-09-06 22:51:34 +0000 chunk=\"63e1018a76c6ee9533099761f5781682\" error_class=Errno::ENOENT error=\"No such file or directory - fstat\""}
{"retry_times":8,"next_retry_time":"2025-09-06 22:51:46 +0000","chunk":"63e1019439754987a2c589958a3fa32b","error":"#<Errno::ENOENT: No such file or directory - fstat>","message":"failed to flush the buffer. retry_times=8 next_retry_time=2025-09-06 22:51:46 +0000 chunk=\"63e1019439754987a2c589958a3fa32b\" error_class=Errno::ENOENT error=\"No such file or directory - fstat\""}
{"retry_times":8,"next_retry_time":"2025-09-06 22:51:55 +0000","chunk":"63e1019d480be69643bcc50177dccd6a","error":"#<Errno::ENOENT: No such file or directory - fstat>","message":"failed to flush the buffer. retry_times=8 next_retry_time=2025-09-06 22:51:55 +0000 chunk=\"63e1019d480be69643bcc50177dccd6a\" error_class=Errno::ENOENT error=\"No such file or directory - fstat\""}
{"retry_times":9,"next_retry_time":"2025-09-06 23:00:20 +0000","chunk":"63e1018a76c6ee9533099761f5781682","error":"#<Errno::ENOENT: No such file or directory - fstat>","message":"failed to flush the buffer. retry_times=9 next_retry_time=2025-09-06 23:00:20 +0000 chunk=\"63e1018a76c6ee9533099761f5781682\" error_class=Errno::ENOENT error=\"No such file or directory - fstat\""}
{"retry_times":9,"next_retry_time":"2025-09-06 23:01:15 +0000","chunk":"63e1019439754987a2c589958a3fa32b","error":"#<Errno::ENOENT: No such file or directory - fstat>","message":"failed to flush the buffer. retry_times=9 next_retry_time=2025-09-06 23:01:15 +0000 chunk=\"63e1019439754987a2c589958a3fa32b\" error_class=Errno::ENOENT error=\"No such file or directory - fstat\""}
{"retry_times":9,"next_retry_time":"2025-09-06 23:00:47 +0000","chunk":"63e1019d480be69643bcc50177dccd6a","error":"#<Errno::ENOENT: No such file or directory - fstat>","message":"failed to flush the buffer. retry_times=9 next_retry_time=2025-09-06 23:00:47 +0000 chunk=\"63e1019d480be69643bcc50177dccd6a\" error_class=Errno::ENOENT error=\"No such file or directory - fstat\""}
{"worker":0,"message":"fluentd worker is now stopping worker=0"}
